{"uuid":"d9902ca5-0d24-4bb8-8b76-5b0e913e0a61","historyId":"f420e7a0467f6c9f6b44b70d719d3488","fullName":"Verified.YeniKisiOlusturduktanSonraParaGonderTest.YeniKisiOlusturVeParaGonder","labels":[{"name":"package","value":"Verified.YeniKisiOlusturduktanSonraParaGonderTest"},{"name":"testClass","value":"Verified.YeniKisiOlusturduktanSonraParaGonderTest"},{"name":"testMethod","value":"YeniKisiOlusturVeParaGonder"},{"name":"parentSuite","value":"Command line suite"},{"name":"suite","value":"Command line test"},{"name":"subSuite","value":"Verified.YeniKisiOlusturduktanSonraParaGonderTest"},{"name":"host","value":"N110688"},{"name":"thread","value":"12708@N110688.main(1)"},{"name":"framework","value":"testng"},{"name":"language","value":"java"},{"name":"severity","value":"minor"}],"links":[],"name":"YeniKisiOlusturVeParaGonder","status":"broken","statusDetails":{"known":false,"muted":false,"flaky":false,"message":"An element could not be located on the page using the given search parameters.\nFor documentation on this error, please visit: https://www.seleniumhq.org/exceptions/no_such_element.html\nBuild info: version: '3.141.59', revision: 'e82be7d358', time: '2018-11-14T08:17:03'\nSystem info: host: 'N110688', ip: '10.10.20.104', os.name: 'Windows 10', os.arch: 'amd64', os.version: '10.0', java.version: '11.0.10'\nDriver info: io.appium.java_client.android.AndroidDriver\nCapabilities {VERSION: 11, appActivity: tr.com.innova.fintek.ttpay...., appPackage: tr.com.turktelekom.pokus.test, autoAcceptAlerts: true, autoGrantPermissions: true, automationName: UiAutomator2, databaseEnabled: false, desired: {VERSION: 11, appActivity: tr.com.innova.fintek.ttpay...., appPackage: tr.com.turktelekom.pokus.test, autoAcceptAlerts: true, autoGrantPermissions: true, automationName: UiAutomator2, deviceName: Pixel_XL_API_33, disableWindowAnimation: true, newCommandTimeout: 6000, noReset: false, platformName: android}, deviceApiLevel: 32, deviceManufacturer: Google, deviceModel: sdk_gphone64_x86_64, deviceName: emulator-5554, deviceScreenDensity: 560, deviceScreenSize: 1440x3120, deviceUDID: emulator-5554, disableWindowAnimation: true, javascriptEnabled: true, locationContextEnabled: false, networkConnectionEnabled: true, newCommandTimeout: 6000, noReset: false, pixelRatio: 3.5, platform: LINUX, platformName: Android, platformVersion: 12, statBarHeight: 84, takesScreenshot: true, viewportRect: {height: 2844, left: 0, top: 84, width: 1440}, warnings: {}, webStorageEnabled: false}\nSession ID: aa0b0ce5-83cc-4328-83a7-951f288f56ac\n*** Element info: {Using=id, value=ibBackButton}","trace":"org.openqa.selenium.NoSuchElementException: An element could not be located on the page using the given search parameters.\nFor documentation on this error, please visit: https://www.seleniumhq.org/exceptions/no_such_element.html\nBuild info: version: '3.141.59', revision: 'e82be7d358', time: '2018-11-14T08:17:03'\nSystem info: host: 'N110688', ip: '10.10.20.104', os.name: 'Windows 10', os.arch: 'amd64', os.version: '10.0', java.version: '11.0.10'\nDriver info: io.appium.java_client.android.AndroidDriver\nCapabilities {VERSION: 11, appActivity: tr.com.innova.fintek.ttpay...., appPackage: tr.com.turktelekom.pokus.test, autoAcceptAlerts: true, autoGrantPermissions: true, automationName: UiAutomator2, databaseEnabled: false, desired: {VERSION: 11, appActivity: tr.com.innova.fintek.ttpay...., appPackage: tr.com.turktelekom.pokus.test, autoAcceptAlerts: true, autoGrantPermissions: true, automationName: UiAutomator2, deviceName: Pixel_XL_API_33, disableWindowAnimation: true, newCommandTimeout: 6000, noReset: false, platformName: android}, deviceApiLevel: 32, deviceManufacturer: Google, deviceModel: sdk_gphone64_x86_64, deviceName: emulator-5554, deviceScreenDensity: 560, deviceScreenSize: 1440x3120, deviceUDID: emulator-5554, disableWindowAnimation: true, javascriptEnabled: true, locationContextEnabled: false, networkConnectionEnabled: true, newCommandTimeout: 6000, noReset: false, pixelRatio: 3.5, platform: LINUX, platformName: Android, platformVersion: 12, statBarHeight: 84, takesScreenshot: true, viewportRect: {height: 2844, left: 0, top: 84, width: 1440}, warnings: {}, webStorageEnabled: false}\nSession ID: aa0b0ce5-83cc-4328-83a7-951f288f56ac\n*** Element info: {Using=id, value=ibBackButton}\r\n\tat jdk.internal.reflect.GeneratedConstructorAccessor32.newInstance(Unknown Source)\r\n\tat java.base/jdk.internal.reflect.DelegatingConstructorAccessorImpl.newInstance(DelegatingConstructorAccessorImpl.java:45)\r\n\tat java.base/java.lang.reflect.Constructor.newInstance(Constructor.java:490)\r\n\tat org.openqa.selenium.remote.http.W3CHttpResponseCodec.createException(W3CHttpResponseCodec.java:187)\r\n\tat org.openqa.selenium.remote.http.W3CHttpResponseCodec.decode(W3CHttpResponseCodec.java:122)\r\n\tat org.openqa.selenium.remote.http.W3CHttpResponseCodec.decode(W3CHttpResponseCodec.java:49)\r\n\tat org.openqa.selenium.remote.HttpCommandExecutor.execute(HttpCommandExecutor.java:158)\r\n\tat io.appium.java_client.remote.AppiumCommandExecutor.execute(AppiumCommandExecutor.java:239)\r\n\tat org.openqa.selenium.remote.RemoteWebDriver.execute(RemoteWebDriver.java:552)\r\n\tat io.appium.java_client.DefaultGenericMobileDriver.execute(DefaultGenericMobileDriver.java:41)\r\n\tat io.appium.java_client.AppiumDriver.execute(AppiumDriver.java:1)\r\n\tat io.appium.java_client.android.AndroidDriver.execute(AndroidDriver.java:1)\r\n\tat org.openqa.selenium.remote.RemoteWebDriver.findElement(RemoteWebDriver.java:323)\r\n\tat io.appium.java_client.DefaultGenericMobileDriver.findElement(DefaultGenericMobileDriver.java:61)\r\n\tat io.appium.java_client.AppiumDriver.findElement(AppiumDriver.java:1)\r\n\tat io.appium.java_client.android.AndroidDriver.findElement(AndroidDriver.java:1)\r\n\tat org.openqa.selenium.remote.RemoteWebDriver.findElementById(RemoteWebDriver.java:372)\r\n\tat io.appium.java_client.DefaultGenericMobileDriver.findElementById(DefaultGenericMobileDriver.java:69)\r\n\tat io.appium.java_client.AppiumDriver.findElementById(AppiumDriver.java:1)\r\n\tat io.appium.java_client.android.AndroidDriver.findElementById(AndroidDriver.java:1)\r\n\tat org.openqa.selenium.By$ById.findElement(By.java:188)\r\n\tat org.openqa.selenium.remote.RemoteWebDriver.findElement(RemoteWebDriver.java:315)\r\n\tat io.appium.java_client.DefaultGenericMobileDriver.findElement(DefaultGenericMobileDriver.java:57)\r\n\tat io.appium.java_client.AppiumDriver.findElement(AppiumDriver.java:1)\r\n\tat io.appium.java_client.android.AndroidDriver.findElement(AndroidDriver.java:1)\r\n\tat org.openqa.selenium.support.ui.ExpectedConditions$6.apply(ExpectedConditions.java:182)\r\n\tat org.openqa.selenium.support.ui.ExpectedConditions$6.apply(ExpectedConditions.java:179)\r\n\tat org.openqa.selenium.support.ui.FluentWait.until(FluentWait.java:249)\r\n\tat Libraries.TestUtils.tryFindElement(TestUtils.java:45)\r\n\tat Libraries.TestUtils.clickElementBy(TestUtils.java:36)\r\n\tat Pages.LoginPage.click_HamburgerMenu(LoginPage.java:211)\r\n\tat Verified.YeniKisiOlusturduktanSonraParaGonderTest.YeniKisiOlusturVeParaGonder(YeniKisiOlusturduktanSonraParaGonderTest.java:27)\r\n\tat java.base/jdk.internal.reflect.NativeMethodAccessorImpl.invoke0(Native Method)\r\n\tat java.base/jdk.internal.reflect.NativeMethodAccessorImpl.invoke(NativeMethodAccessorImpl.java:62)\r\n\tat java.base/jdk.internal.reflect.DelegatingMethodAccessorImpl.invoke(DelegatingMethodAccessorImpl.java:43)\r\n\tat java.base/java.lang.reflect.Method.invoke(Method.java:566)\r\n\tat org.testng.internal.MethodInvocationHelper.invokeMethod(MethodInvocationHelper.java:133)\r\n\tat org.testng.internal.TestInvoker.invokeMethod(TestInvoker.java:598)\r\n\tat org.testng.internal.TestInvoker.invokeTestMethod(TestInvoker.java:173)\r\n\tat org.testng.internal.MethodRunner.runInSequence(MethodRunner.java:46)\r\n\tat org.testng.internal.TestInvoker$MethodInvocationAgent.invoke(TestInvoker.java:824)\r\n\tat org.testng.internal.TestInvoker.invokeTestMethods(TestInvoker.java:146)\r\n\tat org.testng.internal.TestMethodWorker.invokeTestMethods(TestMethodWorker.java:146)\r\n\tat org.testng.internal.TestMethodWorker.run(TestMethodWorker.java:128)\r\n\tat java.base/java.util.ArrayList.forEach(ArrayList.java:1541)\r\n\tat org.testng.TestRunner.privateRun(TestRunner.java:794)\r\n\tat org.testng.TestRunner.run(TestRunner.java:596)\r\n\tat org.testng.SuiteRunner.runTest(SuiteRunner.java:377)\r\n\tat org.testng.SuiteRunner.runSequentially(SuiteRunner.java:371)\r\n\tat org.testng.SuiteRunner.privateRun(SuiteRunner.java:332)\r\n\tat org.testng.SuiteRunner.run(SuiteRunner.java:276)\r\n\tat org.testng.SuiteRunnerWorker.runSuite(SuiteRunnerWorker.java:53)\r\n\tat org.testng.SuiteRunnerWorker.run(SuiteRunnerWorker.java:96)\r\n\tat org.testng.TestNG.runSuitesSequentially(TestNG.java:1212)\r\n\tat org.testng.TestNG.runSuitesLocally(TestNG.java:1134)\r\n\tat org.testng.TestNG.runSuites(TestNG.java:1063)\r\n\tat org.testng.TestNG.run(TestNG.java:1031)\r\n\tat org.apache.maven.surefire.testng.TestNGExecutor.run(TestNGExecutor.java:77)\r\n\tat org.apache.maven.surefire.testng.TestNGDirectoryTestSuite.executeMulti(TestNGDirectoryTestSuite.java:159)\r\n\tat org.apache.maven.surefire.testng.TestNGDirectoryTestSuite.execute(TestNGDirectoryTestSuite.java:99)\r\n\tat org.apache.maven.surefire.testng.TestNGProvider.invoke(TestNGProvider.java:106)\r\n\tat java.base/jdk.internal.reflect.NativeMethodAccessorImpl.invoke0(Native Method)\r\n\tat java.base/jdk.internal.reflect.NativeMethodAccessorImpl.invoke(NativeMethodAccessorImpl.java:62)\r\n\tat java.base/jdk.internal.reflect.DelegatingMethodAccessorImpl.invoke(DelegatingMethodAccessorImpl.java:43)\r\n\tat java.base/java.lang.reflect.Method.invoke(Method.java:566)\r\n\tat org.apache.maven.surefire.util.ReflectionUtils.invokeMethodWithArray(ReflectionUtils.java:189)\r\n\tat org.apache.maven.surefire.booter.ProviderFactory$ProviderProxy.invoke(ProviderFactory.java:165)\r\n\tat org.apache.maven.surefire.booter.ProviderFactory.invokeProvider(ProviderFactory.java:85)\r\n\tat org.apache.maven.surefire.booter.ForkedBooter.runSuitesInProcess(ForkedBooter.java:115)\r\n\tat org.apache.maven.surefire.booter.ForkedBooter.main(ForkedBooter.java:75)\r\n"},"stage":"finished","description":"Yeni Kişi ekledikten sonra Para Gönderme senaryosu","steps":[{"name":"Test koşumunun detayları için genişletin.","status":"broken","statusDetails":{"known":false,"muted":false,"flaky":false,"message":"An element could not be located on the page using the given search parameters.\nFor documentation on this error, please visit: https://www.seleniumhq.org/exceptions/no_such_element.html\nBuild info: version: '3.141.59', revision: 'e82be7d358', time: '2018-11-14T08:17:03'\nSystem info: host: 'N110688', ip: '10.10.20.104', os.name: 'Windows 10', os.arch: 'amd64', os.version: '10.0', java.version: '11.0.10'\nDriver info: io.appium.java_client.android.AndroidDriver\nCapabilities {VERSION: 11, appActivity: tr.com.innova.fintek.ttpay...., appPackage: tr.com.turktelekom.pokus.test, autoAcceptAlerts: true, autoGrantPermissions: true, automationName: UiAutomator2, databaseEnabled: false, desired: {VERSION: 11, appActivity: tr.com.innova.fintek.ttpay...., appPackage: tr.com.turktelekom.pokus.test, autoAcceptAlerts: true, autoGrantPermissions: true, automationName: UiAutomator2, deviceName: Pixel_XL_API_33, disableWindowAnimation: true, newCommandTimeout: 6000, noReset: false, platformName: android}, deviceApiLevel: 32, deviceManufacturer: Google, deviceModel: sdk_gphone64_x86_64, deviceName: emulator-5554, deviceScreenDensity: 560, deviceScreenSize: 1440x3120, deviceUDID: emulator-5554, disableWindowAnimation: true, javascriptEnabled: true, locationContextEnabled: false, networkConnectionEnabled: true, newCommandTimeout: 6000, noReset: false, pixelRatio: 3.5, platform: LINUX, platformName: Android, platformVersion: 12, statBarHeight: 84, takesScreenshot: true, viewportRect: {height: 2844, left: 0, top: 84, width: 1440}, warnings: {}, webStorageEnabled: false}\nSession ID: aa0b0ce5-83cc-4328-83a7-951f288f56ac\n*** Element info: {Using=id, value=ibBackButton}","trace":"org.openqa.selenium.NoSuchElementException: An element could not be located on the page using the given search parameters.\nFor documentation on this error, please visit: https://www.seleniumhq.org/exceptions/no_such_element.html\nBuild info: version: '3.141.59', revision: 'e82be7d358', time: '2018-11-14T08:17:03'\nSystem info: host: 'N110688', ip: '10.10.20.104', os.name: 'Windows 10', os.arch: 'amd64', os.version: '10.0', java.version: '11.0.10'\nDriver info: io.appium.java_client.android.AndroidDriver\nCapabilities {VERSION: 11, appActivity: tr.com.innova.fintek.ttpay...., appPackage: tr.com.turktelekom.pokus.test, autoAcceptAlerts: true, autoGrantPermissions: true, automationName: UiAutomator2, databaseEnabled: false, desired: {VERSION: 11, appActivity: tr.com.innova.fintek.ttpay...., appPackage: tr.com.turktelekom.pokus.test, autoAcceptAlerts: true, autoGrantPermissions: true, automationName: UiAutomator2, deviceName: Pixel_XL_API_33, disableWindowAnimation: true, newCommandTimeout: 6000, noReset: false, platformName: android}, deviceApiLevel: 32, deviceManufacturer: Google, deviceModel: sdk_gphone64_x86_64, deviceName: emulator-5554, deviceScreenDensity: 560, deviceScreenSize: 1440x3120, deviceUDID: emulator-5554, disableWindowAnimation: true, javascriptEnabled: true, locationContextEnabled: false, networkConnectionEnabled: true, newCommandTimeout: 6000, noReset: false, pixelRatio: 3.5, platform: LINUX, platformName: Android, platformVersion: 12, statBarHeight: 84, takesScreenshot: true, viewportRect: {height: 2844, left: 0, top: 84, width: 1440}, warnings: {}, webStorageEnabled: false}\nSession ID: aa0b0ce5-83cc-4328-83a7-951f288f56ac\n*** Element info: {Using=id, value=ibBackButton}\r\n\tat jdk.internal.reflect.GeneratedConstructorAccessor32.newInstance(Unknown Source)\r\n\tat java.base/jdk.internal.reflect.DelegatingConstructorAccessorImpl.newInstance(DelegatingConstructorAccessorImpl.java:45)\r\n\tat java.base/java.lang.reflect.Constructor.newInstance(Constructor.java:490)\r\n\tat org.openqa.selenium.remote.http.W3CHttpResponseCodec.createException(W3CHttpResponseCodec.java:187)\r\n\tat org.openqa.selenium.remote.http.W3CHttpResponseCodec.decode(W3CHttpResponseCodec.java:122)\r\n\tat org.openqa.selenium.remote.http.W3CHttpResponseCodec.decode(W3CHttpResponseCodec.java:49)\r\n\tat org.openqa.selenium.remote.HttpCommandExecutor.execute(HttpCommandExecutor.java:158)\r\n\tat io.appium.java_client.remote.AppiumCommandExecutor.execute(AppiumCommandExecutor.java:239)\r\n\tat org.openqa.selenium.remote.RemoteWebDriver.execute(RemoteWebDriver.java:552)\r\n\tat io.appium.java_client.DefaultGenericMobileDriver.execute(DefaultGenericMobileDriver.java:41)\r\n\tat io.appium.java_client.AppiumDriver.execute(AppiumDriver.java:1)\r\n\tat io.appium.java_client.android.AndroidDriver.execute(AndroidDriver.java:1)\r\n\tat org.openqa.selenium.remote.RemoteWebDriver.findElement(RemoteWebDriver.java:323)\r\n\tat io.appium.java_client.DefaultGenericMobileDriver.findElement(DefaultGenericMobileDriver.java:61)\r\n\tat io.appium.java_client.AppiumDriver.findElement(AppiumDriver.java:1)\r\n\tat io.appium.java_client.android.AndroidDriver.findElement(AndroidDriver.java:1)\r\n\tat org.openqa.selenium.remote.RemoteWebDriver.findElementById(RemoteWebDriver.java:372)\r\n\tat io.appium.java_client.DefaultGenericMobileDriver.findElementById(DefaultGenericMobileDriver.java:69)\r\n\tat io.appium.java_client.AppiumDriver.findElementById(AppiumDriver.java:1)\r\n\tat io.appium.java_client.android.AndroidDriver.findElementById(AndroidDriver.java:1)\r\n\tat org.openqa.selenium.By$ById.findElement(By.java:188)\r\n\tat org.openqa.selenium.remote.RemoteWebDriver.findElement(RemoteWebDriver.java:315)\r\n\tat io.appium.java_client.DefaultGenericMobileDriver.findElement(DefaultGenericMobileDriver.java:57)\r\n\tat io.appium.java_client.AppiumDriver.findElement(AppiumDriver.java:1)\r\n\tat io.appium.java_client.android.AndroidDriver.findElement(AndroidDriver.java:1)\r\n\tat org.openqa.selenium.support.ui.ExpectedConditions$6.apply(ExpectedConditions.java:182)\r\n\tat org.openqa.selenium.support.ui.ExpectedConditions$6.apply(ExpectedConditions.java:179)\r\n\tat org.openqa.selenium.support.ui.FluentWait.until(FluentWait.java:249)\r\n\tat Libraries.TestUtils.tryFindElement(TestUtils.java:45)\r\n\tat Libraries.TestUtils.clickElementBy(TestUtils.java:36)\r\n\tat Pages.LoginPage.click_HamburgerMenu(LoginPage.java:211)\r\n\tat Verified.YeniKisiOlusturduktanSonraParaGonderTest.YeniKisiOlusturVeParaGonder(YeniKisiOlusturduktanSonraParaGonderTest.java:27)\r\n\tat java.base/jdk.internal.reflect.NativeMethodAccessorImpl.invoke0(Native Method)\r\n\tat java.base/jdk.internal.reflect.NativeMethodAccessorImpl.invoke(NativeMethodAccessorImpl.java:62)\r\n\tat java.base/jdk.internal.reflect.DelegatingMethodAccessorImpl.invoke(DelegatingMethodAccessorImpl.java:43)\r\n\tat java.base/java.lang.reflect.Method.invoke(Method.java:566)\r\n\tat org.testng.internal.MethodInvocationHelper.invokeMethod(MethodInvocationHelper.java:133)\r\n\tat org.testng.internal.TestInvoker.invokeMethod(TestInvoker.java:598)\r\n\tat org.testng.internal.TestInvoker.invokeTestMethod(TestInvoker.java:173)\r\n\tat org.testng.internal.MethodRunner.runInSequence(MethodRunner.java:46)\r\n\tat org.testng.internal.TestInvoker$MethodInvocationAgent.invoke(TestInvoker.java:824)\r\n\tat org.testng.internal.TestInvoker.invokeTestMethods(TestInvoker.java:146)\r\n\tat org.testng.internal.TestMethodWorker.invokeTestMethods(TestMethodWorker.java:146)\r\n\tat org.testng.internal.TestMethodWorker.run(TestMethodWorker.java:128)\r\n\tat java.base/java.util.ArrayList.forEach(ArrayList.java:1541)\r\n\tat org.testng.TestRunner.privateRun(TestRunner.java:794)\r\n\tat org.testng.TestRunner.run(TestRunner.java:596)\r\n\tat org.testng.SuiteRunner.runTest(SuiteRunner.java:377)\r\n\tat org.testng.SuiteRunner.runSequentially(SuiteRunner.java:371)\r\n\tat org.testng.SuiteRunner.privateRun(SuiteRunner.java:332)\r\n\tat org.testng.SuiteRunner.run(SuiteRunner.java:276)\r\n\tat org.testng.SuiteRunnerWorker.runSuite(SuiteRunnerWorker.java:53)\r\n\tat org.testng.SuiteRunnerWorker.run(SuiteRunnerWorker.java:96)\r\n\tat org.testng.TestNG.runSuitesSequentially(TestNG.java:1212)\r\n\tat org.testng.TestNG.runSuitesLocally(TestNG.java:1134)\r\n\tat org.testng.TestNG.runSuites(TestNG.java:1063)\r\n\tat org.testng.TestNG.run(TestNG.java:1031)\r\n\tat org.apache.maven.surefire.testng.TestNGExecutor.run(TestNGExecutor.java:77)\r\n\tat org.apache.maven.surefire.testng.TestNGDirectoryTestSuite.executeMulti(TestNGDirectoryTestSuite.java:159)\r\n\tat org.apache.maven.surefire.testng.TestNGDirectoryTestSuite.execute(TestNGDirectoryTestSuite.java:99)\r\n\tat org.apache.maven.surefire.testng.TestNGProvider.invoke(TestNGProvider.java:106)\r\n\tat java.base/jdk.internal.reflect.NativeMethodAccessorImpl.invoke0(Native Method)\r\n\tat java.base/jdk.internal.reflect.NativeMethodAccessorImpl.invoke(NativeMethodAccessorImpl.java:62)\r\n\tat java.base/jdk.internal.reflect.DelegatingMethodAccessorImpl.invoke(DelegatingMethodAccessorImpl.java:43)\r\n\tat java.base/java.lang.reflect.Method.invoke(Method.java:566)\r\n\tat org.apache.maven.surefire.util.ReflectionUtils.invokeMethodWithArray(ReflectionUtils.java:189)\r\n\tat org.apache.maven.surefire.booter.ProviderFactory$ProviderProxy.invoke(ProviderFactory.java:165)\r\n\tat org.apache.maven.surefire.booter.ProviderFactory.invokeProvider(ProviderFactory.java:85)\r\n\tat org.apache.maven.surefire.booter.ForkedBooter.runSuitesInProcess(ForkedBooter.java:115)\r\n\tat org.apache.maven.surefire.booter.ForkedBooter.main(ForkedBooter.java:75)\r\n"},"stage":"finished","steps":[{"name":"setUsername 5997654321","status":"passed","stage":"finished","steps":[],"attachments":[],"parameters":[{"name":"username","value":"5997654321"}],"start":1669381433103,"stop":1669381436248},{"name":"setPassword 135791","status":"passed","stage":"finished","steps":[],"attachments":[],"parameters":[{"name":"password","value":"135791"}],"start":1669381436248,"stop":1669381437607},{"name":"click_HamburgerMenu","status":"broken","statusDetails":{"known":false,"muted":false,"flaky":false,"message":"An element could not be located on the page using the given search parameters.\nFor documentation on this error, please visit: https://www.seleniumhq.org/exceptions/no_such_element.html\nBuild info: version: '3.141.59', revision: 'e82be7d358', time: '2018-11-14T08:17:03'\nSystem info: host: 'N110688', ip: '10.10.20.104', os.name: 'Windows 10', os.arch: 'amd64', os.version: '10.0', java.version: '11.0.10'\nDriver info: io.appium.java_client.android.AndroidDriver\nCapabilities {VERSION: 11, appActivity: tr.com.innova.fintek.ttpay...., appPackage: tr.com.turktelekom.pokus.test, autoAcceptAlerts: true, autoGrantPermissions: true, automationName: UiAutomator2, databaseEnabled: false, desired: {VERSION: 11, appActivity: tr.com.innova.fintek.ttpay...., appPackage: tr.com.turktelekom.pokus.test, autoAcceptAlerts: true, autoGrantPermissions: true, automationName: UiAutomator2, deviceName: Pixel_XL_API_33, disableWindowAnimation: true, newCommandTimeout: 6000, noReset: false, platformName: android}, deviceApiLevel: 32, deviceManufacturer: Google, deviceModel: sdk_gphone64_x86_64, deviceName: emulator-5554, deviceScreenDensity: 560, deviceScreenSize: 1440x3120, deviceUDID: emulator-5554, disableWindowAnimation: true, javascriptEnabled: true, locationContextEnabled: false, networkConnectionEnabled: true, newCommandTimeout: 6000, noReset: false, pixelRatio: 3.5, platform: LINUX, platformName: Android, platformVersion: 12, statBarHeight: 84, takesScreenshot: true, viewportRect: {height: 2844, left: 0, top: 84, width: 1440}, warnings: {}, webStorageEnabled: false}\nSession ID: aa0b0ce5-83cc-4328-83a7-951f288f56ac\n*** Element info: {Using=id, value=ibBackButton}","trace":"org.openqa.selenium.NoSuchElementException: An element could not be located on the page using the given search parameters.\nFor documentation on this error, please visit: https://www.seleniumhq.org/exceptions/no_such_element.html\nBuild info: version: '3.141.59', revision: 'e82be7d358', time: '2018-11-14T08:17:03'\nSystem info: host: 'N110688', ip: '10.10.20.104', os.name: 'Windows 10', os.arch: 'amd64', os.version: '10.0', java.version: '11.0.10'\nDriver info: io.appium.java_client.android.AndroidDriver\nCapabilities {VERSION: 11, appActivity: tr.com.innova.fintek.ttpay...., appPackage: tr.com.turktelekom.pokus.test, autoAcceptAlerts: true, autoGrantPermissions: true, automationName: UiAutomator2, databaseEnabled: false, desired: {VERSION: 11, appActivity: tr.com.innova.fintek.ttpay...., appPackage: tr.com.turktelekom.pokus.test, autoAcceptAlerts: true, autoGrantPermissions: true, automationName: UiAutomator2, deviceName: Pixel_XL_API_33, disableWindowAnimation: true, newCommandTimeout: 6000, noReset: false, platformName: android}, deviceApiLevel: 32, deviceManufacturer: Google, deviceModel: sdk_gphone64_x86_64, deviceName: emulator-5554, deviceScreenDensity: 560, deviceScreenSize: 1440x3120, deviceUDID: emulator-5554, disableWindowAnimation: true, javascriptEnabled: true, locationContextEnabled: false, networkConnectionEnabled: true, newCommandTimeout: 6000, noReset: false, pixelRatio: 3.5, platform: LINUX, platformName: Android, platformVersion: 12, statBarHeight: 84, takesScreenshot: true, viewportRect: {height: 2844, left: 0, top: 84, width: 1440}, warnings: {}, webStorageEnabled: false}\nSession ID: aa0b0ce5-83cc-4328-83a7-951f288f56ac\n*** Element info: {Using=id, value=ibBackButton}\r\n\tat jdk.internal.reflect.GeneratedConstructorAccessor32.newInstance(Unknown Source)\r\n\tat java.base/jdk.internal.reflect.DelegatingConstructorAccessorImpl.newInstance(DelegatingConstructorAccessorImpl.java:45)\r\n\tat java.base/java.lang.reflect.Constructor.newInstance(Constructor.java:490)\r\n\tat org.openqa.selenium.remote.http.W3CHttpResponseCodec.createException(W3CHttpResponseCodec.java:187)\r\n\tat org.openqa.selenium.remote.http.W3CHttpResponseCodec.decode(W3CHttpResponseCodec.java:122)\r\n\tat org.openqa.selenium.remote.http.W3CHttpResponseCodec.decode(W3CHttpResponseCodec.java:49)\r\n\tat org.openqa.selenium.remote.HttpCommandExecutor.execute(HttpCommandExecutor.java:158)\r\n\tat io.appium.java_client.remote.AppiumCommandExecutor.execute(AppiumCommandExecutor.java:239)\r\n\tat org.openqa.selenium.remote.RemoteWebDriver.execute(RemoteWebDriver.java:552)\r\n\tat io.appium.java_client.DefaultGenericMobileDriver.execute(DefaultGenericMobileDriver.java:41)\r\n\tat io.appium.java_client.AppiumDriver.execute(AppiumDriver.java:1)\r\n\tat io.appium.java_client.android.AndroidDriver.execute(AndroidDriver.java:1)\r\n\tat org.openqa.selenium.remote.RemoteWebDriver.findElement(RemoteWebDriver.java:323)\r\n\tat io.appium.java_client.DefaultGenericMobileDriver.findElement(DefaultGenericMobileDriver.java:61)\r\n\tat io.appium.java_client.AppiumDriver.findElement(AppiumDriver.java:1)\r\n\tat io.appium.java_client.android.AndroidDriver.findElement(AndroidDriver.java:1)\r\n\tat org.openqa.selenium.remote.RemoteWebDriver.findElementById(RemoteWebDriver.java:372)\r\n\tat io.appium.java_client.DefaultGenericMobileDriver.findElementById(DefaultGenericMobileDriver.java:69)\r\n\tat io.appium.java_client.AppiumDriver.findElementById(AppiumDriver.java:1)\r\n\tat io.appium.java_client.android.AndroidDriver.findElementById(AndroidDriver.java:1)\r\n\tat org.openqa.selenium.By$ById.findElement(By.java:188)\r\n\tat org.openqa.selenium.remote.RemoteWebDriver.findElement(RemoteWebDriver.java:315)\r\n\tat io.appium.java_client.DefaultGenericMobileDriver.findElement(DefaultGenericMobileDriver.java:57)\r\n\tat io.appium.java_client.AppiumDriver.findElement(AppiumDriver.java:1)\r\n\tat io.appium.java_client.android.AndroidDriver.findElement(AndroidDriver.java:1)\r\n\tat org.openqa.selenium.support.ui.ExpectedConditions$6.apply(ExpectedConditions.java:182)\r\n\tat org.openqa.selenium.support.ui.ExpectedConditions$6.apply(ExpectedConditions.java:179)\r\n\tat org.openqa.selenium.support.ui.FluentWait.until(FluentWait.java:249)\r\n\tat Libraries.TestUtils.tryFindElement(TestUtils.java:45)\r\n\tat Libraries.TestUtils.clickElementBy(TestUtils.java:36)\r\n\tat Pages.LoginPage.click_HamburgerMenu(LoginPage.java:211)\r\n\tat Verified.YeniKisiOlusturduktanSonraParaGonderTest.YeniKisiOlusturVeParaGonder(YeniKisiOlusturduktanSonraParaGonderTest.java:27)\r\n\tat java.base/jdk.internal.reflect.NativeMethodAccessorImpl.invoke0(Native Method)\r\n\tat java.base/jdk.internal.reflect.NativeMethodAccessorImpl.invoke(NativeMethodAccessorImpl.java:62)\r\n\tat java.base/jdk.internal.reflect.DelegatingMethodAccessorImpl.invoke(DelegatingMethodAccessorImpl.java:43)\r\n\tat java.base/java.lang.reflect.Method.invoke(Method.java:566)\r\n\tat org.testng.internal.MethodInvocationHelper.invokeMethod(MethodInvocationHelper.java:133)\r\n\tat org.testng.internal.TestInvoker.invokeMethod(TestInvoker.java:598)\r\n\tat org.testng.internal.TestInvoker.invokeTestMethod(TestInvoker.java:173)\r\n\tat org.testng.internal.MethodRunner.runInSequence(MethodRunner.java:46)\r\n\tat org.testng.internal.TestInvoker$MethodInvocationAgent.invoke(TestInvoker.java:824)\r\n\tat org.testng.internal.TestInvoker.invokeTestMethods(TestInvoker.java:146)\r\n\tat org.testng.internal.TestMethodWorker.invokeTestMethods(TestMethodWorker.java:146)\r\n\tat org.testng.internal.TestMethodWorker.run(TestMethodWorker.java:128)\r\n\tat java.base/java.util.ArrayList.forEach(ArrayList.java:1541)\r\n\tat org.testng.TestRunner.privateRun(TestRunner.java:794)\r\n\tat org.testng.TestRunner.run(TestRunner.java:596)\r\n\tat org.testng.SuiteRunner.runTest(SuiteRunner.java:377)\r\n\tat org.testng.SuiteRunner.runSequentially(SuiteRunner.java:371)\r\n\tat org.testng.SuiteRunner.privateRun(SuiteRunner.java:332)\r\n\tat org.testng.SuiteRunner.run(SuiteRunner.java:276)\r\n\tat org.testng.SuiteRunnerWorker.runSuite(SuiteRunnerWorker.java:53)\r\n\tat org.testng.SuiteRunnerWorker.run(SuiteRunnerWorker.java:96)\r\n\tat org.testng.TestNG.runSuitesSequentially(TestNG.java:1212)\r\n\tat org.testng.TestNG.runSuitesLocally(TestNG.java:1134)\r\n\tat org.testng.TestNG.runSuites(TestNG.java:1063)\r\n\tat org.testng.TestNG.run(TestNG.java:1031)\r\n\tat org.apache.maven.surefire.testng.TestNGExecutor.run(TestNGExecutor.java:77)\r\n\tat org.apache.maven.surefire.testng.TestNGDirectoryTestSuite.executeMulti(TestNGDirectoryTestSuite.java:159)\r\n\tat org.apache.maven.surefire.testng.TestNGDirectoryTestSuite.execute(TestNGDirectoryTestSuite.java:99)\r\n\tat org.apache.maven.surefire.testng.TestNGProvider.invoke(TestNGProvider.java:106)\r\n\tat java.base/jdk.internal.reflect.NativeMethodAccessorImpl.invoke0(Native Method)\r\n\tat java.base/jdk.internal.reflect.NativeMethodAccessorImpl.invoke(NativeMethodAccessorImpl.java:62)\r\n\tat java.base/jdk.internal.reflect.DelegatingMethodAccessorImpl.invoke(DelegatingMethodAccessorImpl.java:43)\r\n\tat java.base/java.lang.reflect.Method.invoke(Method.java:566)\r\n\tat org.apache.maven.surefire.util.ReflectionUtils.invokeMethodWithArray(ReflectionUtils.java:189)\r\n\tat org.apache.maven.surefire.booter.ProviderFactory$ProviderProxy.invoke(ProviderFactory.java:165)\r\n\tat org.apache.maven.surefire.booter.ProviderFactory.invokeProvider(ProviderFactory.java:85)\r\n\tat org.apache.maven.surefire.booter.ForkedBooter.runSuitesInProcess(ForkedBooter.java:115)\r\n\tat org.apache.maven.surefire.booter.ForkedBooter.main(ForkedBooter.java:75)\r\n"},"stage":"finished","steps":[],"attachments":[],"parameters":[],"start":1669381437607,"stop":1669381452664}],"attachments":[],"parameters":[],"start":1669381433103,"stop":1669381452664}],"attachments":[{"name":"Screenshot","source":"1205974f-a78f-457b-a3d7-4a958dd4e209-attachment"},{"name":"YeniKisiOlusturVeParaGonder failed and screenshot taken!","source":"a4885722-2c67-42f7-842d-a08ab7e566a1-attachment","type":"text/plain"}],"parameters":[],"start":1669381433102,"stop":1669381453450}