{
  "uid" : "26920c88fa67b0d8",
  "name" : "setUp",
  "fullName" : "Libraries.BaseClass.setUp",
  "historyId" : "1f44e60fe986ad5b7734d005d7551085",
  "time" : {
    "start" : 1669060155150,
    "stop" : 1669060155170,
    "duration" : 20
  },
  "status" : "broken",
  "statusMessage" : "org/apache/commons/io/IOUtils",
  "statusTrace" : "java.lang.NoClassDefFoundError: org/apache/commons/io/IOUtils\n\tat io.appium.java_client.service.local.AppiumServiceBuilder.findMainScript(AppiumServiceBuilder.java:154)\n\tat io.appium.java_client.service.local.AppiumServiceBuilder.loadPathToMainScript(AppiumServiceBuilder.java:300)\n\tat io.appium.java_client.service.local.AppiumServiceBuilder.createArgs(AppiumServiceBuilder.java:381)\n\tat org.openqa.selenium.remote.service.DriverService$Builder.build(DriverService.java:358)\n\tat io.appium.java_client.service.local.AppiumDriverLocalService.buildService(AppiumDriverLocalService.java:87)\n\tat Libraries.BaseClass.startAppiumServer(BaseClass.java:65)\n\tat Libraries.BaseClass.setUp(BaseClass.java:116)\n\tat java.base/jdk.internal.reflect.NativeMethodAccessorImpl.invoke0(Native Method)\n\tat java.base/jdk.internal.reflect.NativeMethodAccessorImpl.invoke(NativeMethodAccessorImpl.java:62)\n\tat java.base/jdk.internal.reflect.DelegatingMethodAccessorImpl.invoke(DelegatingMethodAccessorImpl.java:43)\n\tat java.base/java.lang.reflect.Method.invoke(Method.java:566)\n\tat org.testng.internal.MethodInvocationHelper.invokeMethod(MethodInvocationHelper.java:133)\n\tat org.testng.internal.MethodInvocationHelper.invokeMethodConsideringTimeout(MethodInvocationHelper.java:62)\n\tat org.testng.internal.ConfigInvoker.invokeConfigurationMethod(ConfigInvoker.java:385)\n\tat org.testng.internal.ConfigInvoker.invokeConfigurations(ConfigInvoker.java:321)\n\tat org.testng.SuiteRunner.privateRun(SuiteRunner.java:317)\n\tat org.testng.SuiteRunner.run(SuiteRunner.java:276)\n\tat org.testng.SuiteRunnerWorker.runSuite(SuiteRunnerWorker.java:53)\n\tat org.testng.SuiteRunnerWorker.run(SuiteRunnerWorker.java:96)\n\tat org.testng.TestNG.runSuitesSequentially(TestNG.java:1212)\n\tat org.testng.TestNG.runSuitesLocally(TestNG.java:1134)\n\tat org.testng.TestNG.runSuites(TestNG.java:1063)\n\tat org.testng.TestNG.run(TestNG.java:1031)\n\tat com.intellij.rt.testng.IDEARemoteTestNG.run(IDEARemoteTestNG.java:66)\n\tat com.intellij.rt.testng.RemoteTestNGStarter.main(RemoteTestNGStarter.java:109)\nCaused by: java.lang.ClassNotFoundException: org.apache.commons.io.IOUtils\n\tat java.base/jdk.internal.loader.BuiltinClassLoader.loadClass(BuiltinClassLoader.java:581)\n\tat java.base/jdk.internal.loader.ClassLoaders$AppClassLoader.loadClass(ClassLoaders.java:178)\n\tat java.base/java.lang.ClassLoader.loadClass(ClassLoader.java:521)\n\t... 25 more\n",
  "flaky" : false,
  "newFailed" : false,
  "beforeStages" : [ {
    "name" : "setUp",
    "time" : {
      "start" : 1669060154529,
      "stop" : 1669060154800,
      "duration" : 271
    },
    "description" : "",
    "status" : "broken",
    "statusMessage" : "org/apache/commons/io/IOUtils",
    "statusTrace" : "java.lang.NoClassDefFoundError: org/apache/commons/io/IOUtils\n\tat io.appium.java_client.service.local.AppiumServiceBuilder.findMainScript(AppiumServiceBuilder.java:154)\n\tat io.appium.java_client.service.local.AppiumServiceBuilder.loadPathToMainScript(AppiumServiceBuilder.java:300)\n\tat io.appium.java_client.service.local.AppiumServiceBuilder.createArgs(AppiumServiceBuilder.java:381)\n\tat org.openqa.selenium.remote.service.DriverService$Builder.build(DriverService.java:358)\n\tat io.appium.java_client.service.local.AppiumDriverLocalService.buildService(AppiumDriverLocalService.java:87)\n\tat Libraries.BaseClass.startAppiumServer(BaseClass.java:65)\n\tat Libraries.BaseClass.setUp(BaseClass.java:116)\n\tat java.base/jdk.internal.reflect.NativeMethodAccessorImpl.invoke0(Native Method)\n\tat java.base/jdk.internal.reflect.NativeMethodAccessorImpl.invoke(NativeMethodAccessorImpl.java:62)\n\tat java.base/jdk.internal.reflect.DelegatingMethodAccessorImpl.invoke(DelegatingMethodAccessorImpl.java:43)\n\tat java.base/java.lang.reflect.Method.invoke(Method.java:566)\n\tat org.testng.internal.MethodInvocationHelper.invokeMethod(MethodInvocationHelper.java:133)\n\tat org.testng.internal.MethodInvocationHelper.invokeMethodConsideringTimeout(MethodInvocationHelper.java:62)\n\tat org.testng.internal.ConfigInvoker.invokeConfigurationMethod(ConfigInvoker.java:385)\n\tat org.testng.internal.ConfigInvoker.invokeConfigurations(ConfigInvoker.java:321)\n\tat org.testng.SuiteRunner.privateRun(SuiteRunner.java:317)\n\tat org.testng.SuiteRunner.run(SuiteRunner.java:276)\n\tat org.testng.SuiteRunnerWorker.runSuite(SuiteRunnerWorker.java:53)\n\tat org.testng.SuiteRunnerWorker.run(SuiteRunnerWorker.java:96)\n\tat org.testng.TestNG.runSuitesSequentially(TestNG.java:1212)\n\tat org.testng.TestNG.runSuitesLocally(TestNG.java:1134)\n\tat org.testng.TestNG.runSuites(TestNG.java:1063)\n\tat org.testng.TestNG.run(TestNG.java:1031)\n\tat com.intellij.rt.testng.IDEARemoteTestNG.run(IDEARemoteTestNG.java:66)\n\tat com.intellij.rt.testng.RemoteTestNGStarter.main(RemoteTestNGStarter.java:109)\nCaused by: java.lang.ClassNotFoundException: org.apache.commons.io.IOUtils\n\tat java.base/jdk.internal.loader.BuiltinClassLoader.loadClass(BuiltinClassLoader.java:581)\n\tat java.base/jdk.internal.loader.ClassLoaders$AppClassLoader.loadClass(ClassLoaders.java:178)\n\tat java.base/java.lang.ClassLoader.loadClass(ClassLoader.java:521)\n\t... 25 more\n",
    "steps" : [ ],
    "attachments" : [ ],
    "parameters" : [ ],
    "hasContent" : true,
    "stepsCount" : 0,
    "attachmentsCount" : 0,
    "shouldDisplayMessage" : true
  } ],
  "afterStages" : [ {
    "name" : "stopAppiumAndDriver",
    "time" : {
      "start" : 1669060155534,
      "stop" : 1669060155534,
      "duration" : 0
    },
    "description" : "",
    "status" : "broken",
    "steps" : [ ],
    "attachments" : [ ],
    "parameters" : [ ],
    "hasContent" : false,
    "stepsCount" : 0,
    "attachmentsCount" : 0,
    "shouldDisplayMessage" : false
  } ],
  "labels" : [ {
    "name" : "package",
    "value" : "Basic.KisiyeParaGonderTest"
  }, {
    "name" : "testClass",
    "value" : "Basic.KisiyeParaGonderTest"
  }, {
    "name" : "testMethod",
    "value" : "setUp"
  }, {
    "name" : "parentSuite",
    "value" : "Default Suite"
  }, {
    "name" : "suite",
    "value" : "ttPay_POM"
  }, {
    "name" : "subSuite",
    "value" : "Basic.KisiyeParaGonderTest"
  }, {
    "name" : "host",
    "value" : "Ugur-MacBook-Pro.local"
  }, {
    "name" : "thread",
    "value" : "41130@Ugur-MacBook-Pro.local.main(1)"
  }, {
    "name" : "framework",
    "value" : "testng"
  }, {
    "name" : "language",
    "value" : "java"
  }, {
    "name" : "AS_ID",
    "value" : "-1"
  }, {
    "name" : "resultFormat",
    "value" : "allure2"
  } ],
  "parameters" : [ ],
  "links" : [ ],
  "hidden" : false,
  "retry" : false,
  "extra" : {
    "severity" : "normal",
    "retries" : [ ],
    "categories" : [ {
      "name" : "Test defects",
      "matchedStatuses" : [ ],
      "flaky" : false
    } ],
    "tags" : [ ]
  },
  "source" : "26920c88fa67b0d8.json",
  "parameterValues" : [ ]
}