{
  "uid" : "2ec6f77eaae2f678",
  "name" : "IBANKaydet",
  "fullName" : "Verified.IBANKaydetParaGonderTest.IBANKaydet",
  "historyId" : "9ae4a296231fdcdc486fac2f56d4a829",
  "time" : {
    "start" : 1669384848509,
    "stop" : 1669384893308,
    "duration" : 44799
  },
  "description" : "IBAN Kaydetme testi.",
  "descriptionHtml" : "<p>IBAN Kaydetme testi.</p>\n",
  "status" : "broken",
  "statusMessage" : "An element could not be located on the page using the given search parameters.\nFor documentation on this error, please visit: https://www.seleniumhq.org/exceptions/no_such_element.html\nBuild info: version: '3.141.59', revision: 'e82be7d358', time: '2018-11-14T08:17:03'\nSystem info: host: 'N110688', ip: '10.10.20.104', os.name: 'Windows 10', os.arch: 'amd64', os.version: '10.0', java.version: '11.0.10'\nDriver info: io.appium.java_client.android.AndroidDriver\nCapabilities {VERSION: 11, appActivity: tr.com.innova.fintek.ttpay...., appPackage: tr.com.turktelekom.pokus.test, autoAcceptAlerts: true, autoGrantPermissions: true, automationName: UiAutomator2, databaseEnabled: false, desired: {VERSION: 11, appActivity: tr.com.innova.fintek.ttpay...., appPackage: tr.com.turktelekom.pokus.test, autoAcceptAlerts: true, autoGrantPermissions: true, automationName: UiAutomator2, deviceName: Pixel_XL_API_33, disableWindowAnimation: true, newCommandTimeout: 6000, noReset: false, platformName: android}, deviceApiLevel: 32, deviceManufacturer: Google, deviceModel: sdk_gphone64_x86_64, deviceName: emulator-5554, deviceScreenDensity: 560, deviceScreenSize: 1440x3120, deviceUDID: emulator-5554, disableWindowAnimation: true, javascriptEnabled: true, locationContextEnabled: false, networkConnectionEnabled: true, newCommandTimeout: 6000, noReset: false, pixelRatio: 3.5, platform: LINUX, platformName: Android, platformVersion: 12, statBarHeight: 84, takesScreenshot: true, viewportRect: {height: 2844, left: 0, top: 84, width: 1440}, warnings: {}, webStorageEnabled: false}\nSession ID: 720dc7b6-ee9c-4b54-ac2e-19c284a46c09\n*** Element info: {Using=xpath, value=//*[@resource-id='tr.com.turktelekom.pokus.test:id/et_smart_textfield_text']}",
  "statusTrace" : "org.openqa.selenium.NoSuchElementException: An element could not be located on the page using the given search parameters.\nFor documentation on this error, please visit: https://www.seleniumhq.org/exceptions/no_such_element.html\nBuild info: version: '3.141.59', revision: 'e82be7d358', time: '2018-11-14T08:17:03'\nSystem info: host: 'N110688', ip: '10.10.20.104', os.name: 'Windows 10', os.arch: 'amd64', os.version: '10.0', java.version: '11.0.10'\nDriver info: io.appium.java_client.android.AndroidDriver\nCapabilities {VERSION: 11, appActivity: tr.com.innova.fintek.ttpay...., appPackage: tr.com.turktelekom.pokus.test, autoAcceptAlerts: true, autoGrantPermissions: true, automationName: UiAutomator2, databaseEnabled: false, desired: {VERSION: 11, appActivity: tr.com.innova.fintek.ttpay...., appPackage: tr.com.turktelekom.pokus.test, autoAcceptAlerts: true, autoGrantPermissions: true, automationName: UiAutomator2, deviceName: Pixel_XL_API_33, disableWindowAnimation: true, newCommandTimeout: 6000, noReset: false, platformName: android}, deviceApiLevel: 32, deviceManufacturer: Google, deviceModel: sdk_gphone64_x86_64, deviceName: emulator-5554, deviceScreenDensity: 560, deviceScreenSize: 1440x3120, deviceUDID: emulator-5554, disableWindowAnimation: true, javascriptEnabled: true, locationContextEnabled: false, networkConnectionEnabled: true, newCommandTimeout: 6000, noReset: false, pixelRatio: 3.5, platform: LINUX, platformName: Android, platformVersion: 12, statBarHeight: 84, takesScreenshot: true, viewportRect: {height: 2844, left: 0, top: 84, width: 1440}, warnings: {}, webStorageEnabled: false}\nSession ID: 720dc7b6-ee9c-4b54-ac2e-19c284a46c09\n*** Element info: {Using=xpath, value=//*[@resource-id='tr.com.turktelekom.pokus.test:id/et_smart_textfield_text']}\r\n\tat java.base/jdk.internal.reflect.NativeConstructorAccessorImpl.newInstance0(Native Method)\r\n\tat java.base/jdk.internal.reflect.NativeConstructorAccessorImpl.newInstance(NativeConstructorAccessorImpl.java:62)\r\n\tat java.base/jdk.internal.reflect.DelegatingConstructorAccessorImpl.newInstance(DelegatingConstructorAccessorImpl.java:45)\r\n\tat java.base/java.lang.reflect.Constructor.newInstance(Constructor.java:490)\r\n\tat org.openqa.selenium.remote.http.W3CHttpResponseCodec.createException(W3CHttpResponseCodec.java:187)\r\n\tat org.openqa.selenium.remote.http.W3CHttpResponseCodec.decode(W3CHttpResponseCodec.java:122)\r\n\tat org.openqa.selenium.remote.http.W3CHttpResponseCodec.decode(W3CHttpResponseCodec.java:49)\r\n\tat org.openqa.selenium.remote.HttpCommandExecutor.execute(HttpCommandExecutor.java:158)\r\n\tat io.appium.java_client.remote.AppiumCommandExecutor.execute(AppiumCommandExecutor.java:239)\r\n\tat org.openqa.selenium.remote.RemoteWebDriver.execute(RemoteWebDriver.java:552)\r\n\tat io.appium.java_client.DefaultGenericMobileDriver.execute(DefaultGenericMobileDriver.java:41)\r\n\tat io.appium.java_client.AppiumDriver.execute(AppiumDriver.java:1)\r\n\tat io.appium.java_client.android.AndroidDriver.execute(AndroidDriver.java:1)\r\n\tat org.openqa.selenium.remote.RemoteWebDriver.findElement(RemoteWebDriver.java:323)\r\n\tat io.appium.java_client.DefaultGenericMobileDriver.findElement(DefaultGenericMobileDriver.java:61)\r\n\tat io.appium.java_client.AppiumDriver.findElement(AppiumDriver.java:1)\r\n\tat io.appium.java_client.android.AndroidDriver.findElement(AndroidDriver.java:1)\r\n\tat org.openqa.selenium.remote.RemoteWebDriver.findElementByXPath(RemoteWebDriver.java:428)\r\n\tat io.appium.java_client.DefaultGenericMobileDriver.findElementByXPath(DefaultGenericMobileDriver.java:151)\r\n\tat io.appium.java_client.AppiumDriver.findElementByXPath(AppiumDriver.java:1)\r\n\tat io.appium.java_client.android.AndroidDriver.findElementByXPath(AndroidDriver.java:1)\r\n\tat org.openqa.selenium.By$ByXPath.findElement(By.java:353)\r\n\tat org.openqa.selenium.remote.RemoteWebDriver.findElement(RemoteWebDriver.java:315)\r\n\tat io.appium.java_client.DefaultGenericMobileDriver.findElement(DefaultGenericMobileDriver.java:57)\r\n\tat io.appium.java_client.AppiumDriver.findElement(AppiumDriver.java:1)\r\n\tat io.appium.java_client.android.AndroidDriver.findElement(AndroidDriver.java:1)\r\n\tat org.openqa.selenium.support.ui.ExpectedConditions$6.apply(ExpectedConditions.java:182)\r\n\tat org.openqa.selenium.support.ui.ExpectedConditions$6.apply(ExpectedConditions.java:179)\r\n\tat org.openqa.selenium.support.ui.FluentWait.until(FluentWait.java:249)\r\n\tat Libraries.TestUtils.tryFindElement(TestUtils.java:45)\r\n\tat Libraries.TestUtils.clickElementBy(TestUtils.java:36)\r\n\tat Pages.GlobalPage.tutarGir_IBAN(GlobalPage.java:111)\r\n\tat Verified.IBANKaydetParaGonderTest.IBANKaydet(IBANKaydetParaGonderTest.java:40)\r\n\tat java.base/jdk.internal.reflect.NativeMethodAccessorImpl.invoke0(Native Method)\r\n\tat java.base/jdk.internal.reflect.NativeMethodAccessorImpl.invoke(NativeMethodAccessorImpl.java:62)\r\n\tat java.base/jdk.internal.reflect.DelegatingMethodAccessorImpl.invoke(DelegatingMethodAccessorImpl.java:43)\r\n\tat java.base/java.lang.reflect.Method.invoke(Method.java:566)\r\n\tat org.testng.internal.MethodInvocationHelper.invokeMethod(MethodInvocationHelper.java:133)\r\n\tat org.testng.internal.TestInvoker.invokeMethod(TestInvoker.java:598)\r\n\tat org.testng.internal.TestInvoker.invokeTestMethod(TestInvoker.java:173)\r\n\tat org.testng.internal.MethodRunner.runInSequence(MethodRunner.java:46)\r\n\tat org.testng.internal.TestInvoker$MethodInvocationAgent.invoke(TestInvoker.java:824)\r\n\tat org.testng.internal.TestInvoker.invokeTestMethods(TestInvoker.java:146)\r\n\tat org.testng.internal.TestMethodWorker.invokeTestMethods(TestMethodWorker.java:146)\r\n\tat org.testng.internal.TestMethodWorker.run(TestMethodWorker.java:128)\r\n\tat java.base/java.util.ArrayList.forEach(ArrayList.java:1541)\r\n\tat org.testng.TestRunner.privateRun(TestRunner.java:794)\r\n\tat org.testng.TestRunner.run(TestRunner.java:596)\r\n\tat org.testng.SuiteRunner.runTest(SuiteRunner.java:377)\r\n\tat org.testng.SuiteRunner.runSequentially(SuiteRunner.java:371)\r\n\tat org.testng.SuiteRunner.privateRun(SuiteRunner.java:332)\r\n\tat org.testng.SuiteRunner.run(SuiteRunner.java:276)\r\n\tat org.testng.SuiteRunnerWorker.runSuite(SuiteRunnerWorker.java:53)\r\n\tat org.testng.SuiteRunnerWorker.run(SuiteRunnerWorker.java:96)\r\n\tat org.testng.TestNG.runSuitesSequentially(TestNG.java:1212)\r\n\tat org.testng.TestNG.runSuitesLocally(TestNG.java:1134)\r\n\tat org.testng.TestNG.runSuites(TestNG.java:1063)\r\n\tat org.testng.TestNG.run(TestNG.java:1031)\r\n\tat com.intellij.rt.testng.IDEARemoteTestNG.run(IDEARemoteTestNG.java:66)\r\n\tat com.intellij.rt.testng.RemoteTestNGStarter.main(RemoteTestNGStarter.java:109)\r\n",
  "flaky" : false,
  "newFailed" : false,
  "beforeStages" : [ {
    "name" : "setUp",
    "time" : {
      "start" : 1669384826355,
      "stop" : 1669384848219,
      "duration" : 21864
    },
    "description" : "",
    "status" : "passed",
    "steps" : [ ],
    "attachments" : [ ],
    "parameters" : [ ],
    "hasContent" : false,
    "stepsCount" : 0,
    "attachmentsCount" : 0,
    "shouldDisplayMessage" : false
  } ],
  "testStage" : {
    "description" : "IBAN Kaydetme testi.",
    "status" : "broken",
    "statusMessage" : "An element could not be located on the page using the given search parameters.\nFor documentation on this error, please visit: https://www.seleniumhq.org/exceptions/no_such_element.html\nBuild info: version: '3.141.59', revision: 'e82be7d358', time: '2018-11-14T08:17:03'\nSystem info: host: 'N110688', ip: '10.10.20.104', os.name: 'Windows 10', os.arch: 'amd64', os.version: '10.0', java.version: '11.0.10'\nDriver info: io.appium.java_client.android.AndroidDriver\nCapabilities {VERSION: 11, appActivity: tr.com.innova.fintek.ttpay...., appPackage: tr.com.turktelekom.pokus.test, autoAcceptAlerts: true, autoGrantPermissions: true, automationName: UiAutomator2, databaseEnabled: false, desired: {VERSION: 11, appActivity: tr.com.innova.fintek.ttpay...., appPackage: tr.com.turktelekom.pokus.test, autoAcceptAlerts: true, autoGrantPermissions: true, automationName: UiAutomator2, deviceName: Pixel_XL_API_33, disableWindowAnimation: true, newCommandTimeout: 6000, noReset: false, platformName: android}, deviceApiLevel: 32, deviceManufacturer: Google, deviceModel: sdk_gphone64_x86_64, deviceName: emulator-5554, deviceScreenDensity: 560, deviceScreenSize: 1440x3120, deviceUDID: emulator-5554, disableWindowAnimation: true, javascriptEnabled: true, locationContextEnabled: false, networkConnectionEnabled: true, newCommandTimeout: 6000, noReset: false, pixelRatio: 3.5, platform: LINUX, platformName: Android, platformVersion: 12, statBarHeight: 84, takesScreenshot: true, viewportRect: {height: 2844, left: 0, top: 84, width: 1440}, warnings: {}, webStorageEnabled: false}\nSession ID: 720dc7b6-ee9c-4b54-ac2e-19c284a46c09\n*** Element info: {Using=xpath, value=//*[@resource-id='tr.com.turktelekom.pokus.test:id/et_smart_textfield_text']}",
    "statusTrace" : "org.openqa.selenium.NoSuchElementException: An element could not be located on the page using the given search parameters.\nFor documentation on this error, please visit: https://www.seleniumhq.org/exceptions/no_such_element.html\nBuild info: version: '3.141.59', revision: 'e82be7d358', time: '2018-11-14T08:17:03'\nSystem info: host: 'N110688', ip: '10.10.20.104', os.name: 'Windows 10', os.arch: 'amd64', os.version: '10.0', java.version: '11.0.10'\nDriver info: io.appium.java_client.android.AndroidDriver\nCapabilities {VERSION: 11, appActivity: tr.com.innova.fintek.ttpay...., appPackage: tr.com.turktelekom.pokus.test, autoAcceptAlerts: true, autoGrantPermissions: true, automationName: UiAutomator2, databaseEnabled: false, desired: {VERSION: 11, appActivity: tr.com.innova.fintek.ttpay...., appPackage: tr.com.turktelekom.pokus.test, autoAcceptAlerts: true, autoGrantPermissions: true, automationName: UiAutomator2, deviceName: Pixel_XL_API_33, disableWindowAnimation: true, newCommandTimeout: 6000, noReset: false, platformName: android}, deviceApiLevel: 32, deviceManufacturer: Google, deviceModel: sdk_gphone64_x86_64, deviceName: emulator-5554, deviceScreenDensity: 560, deviceScreenSize: 1440x3120, deviceUDID: emulator-5554, disableWindowAnimation: true, javascriptEnabled: true, locationContextEnabled: false, networkConnectionEnabled: true, newCommandTimeout: 6000, noReset: false, pixelRatio: 3.5, platform: LINUX, platformName: Android, platformVersion: 12, statBarHeight: 84, takesScreenshot: true, viewportRect: {height: 2844, left: 0, top: 84, width: 1440}, warnings: {}, webStorageEnabled: false}\nSession ID: 720dc7b6-ee9c-4b54-ac2e-19c284a46c09\n*** Element info: {Using=xpath, value=//*[@resource-id='tr.com.turktelekom.pokus.test:id/et_smart_textfield_text']}\r\n\tat java.base/jdk.internal.reflect.NativeConstructorAccessorImpl.newInstance0(Native Method)\r\n\tat java.base/jdk.internal.reflect.NativeConstructorAccessorImpl.newInstance(NativeConstructorAccessorImpl.java:62)\r\n\tat java.base/jdk.internal.reflect.DelegatingConstructorAccessorImpl.newInstance(DelegatingConstructorAccessorImpl.java:45)\r\n\tat java.base/java.lang.reflect.Constructor.newInstance(Constructor.java:490)\r\n\tat org.openqa.selenium.remote.http.W3CHttpResponseCodec.createException(W3CHttpResponseCodec.java:187)\r\n\tat org.openqa.selenium.remote.http.W3CHttpResponseCodec.decode(W3CHttpResponseCodec.java:122)\r\n\tat org.openqa.selenium.remote.http.W3CHttpResponseCodec.decode(W3CHttpResponseCodec.java:49)\r\n\tat org.openqa.selenium.remote.HttpCommandExecutor.execute(HttpCommandExecutor.java:158)\r\n\tat io.appium.java_client.remote.AppiumCommandExecutor.execute(AppiumCommandExecutor.java:239)\r\n\tat org.openqa.selenium.remote.RemoteWebDriver.execute(RemoteWebDriver.java:552)\r\n\tat io.appium.java_client.DefaultGenericMobileDriver.execute(DefaultGenericMobileDriver.java:41)\r\n\tat io.appium.java_client.AppiumDriver.execute(AppiumDriver.java:1)\r\n\tat io.appium.java_client.android.AndroidDriver.execute(AndroidDriver.java:1)\r\n\tat org.openqa.selenium.remote.RemoteWebDriver.findElement(RemoteWebDriver.java:323)\r\n\tat io.appium.java_client.DefaultGenericMobileDriver.findElement(DefaultGenericMobileDriver.java:61)\r\n\tat io.appium.java_client.AppiumDriver.findElement(AppiumDriver.java:1)\r\n\tat io.appium.java_client.android.AndroidDriver.findElement(AndroidDriver.java:1)\r\n\tat org.openqa.selenium.remote.RemoteWebDriver.findElementByXPath(RemoteWebDriver.java:428)\r\n\tat io.appium.java_client.DefaultGenericMobileDriver.findElementByXPath(DefaultGenericMobileDriver.java:151)\r\n\tat io.appium.java_client.AppiumDriver.findElementByXPath(AppiumDriver.java:1)\r\n\tat io.appium.java_client.android.AndroidDriver.findElementByXPath(AndroidDriver.java:1)\r\n\tat org.openqa.selenium.By$ByXPath.findElement(By.java:353)\r\n\tat org.openqa.selenium.remote.RemoteWebDriver.findElement(RemoteWebDriver.java:315)\r\n\tat io.appium.java_client.DefaultGenericMobileDriver.findElement(DefaultGenericMobileDriver.java:57)\r\n\tat io.appium.java_client.AppiumDriver.findElement(AppiumDriver.java:1)\r\n\tat io.appium.java_client.android.AndroidDriver.findElement(AndroidDriver.java:1)\r\n\tat org.openqa.selenium.support.ui.ExpectedConditions$6.apply(ExpectedConditions.java:182)\r\n\tat org.openqa.selenium.support.ui.ExpectedConditions$6.apply(ExpectedConditions.java:179)\r\n\tat org.openqa.selenium.support.ui.FluentWait.until(FluentWait.java:249)\r\n\tat Libraries.TestUtils.tryFindElement(TestUtils.java:45)\r\n\tat Libraries.TestUtils.clickElementBy(TestUtils.java:36)\r\n\tat Pages.GlobalPage.tutarGir_IBAN(GlobalPage.java:111)\r\n\tat Verified.IBANKaydetParaGonderTest.IBANKaydet(IBANKaydetParaGonderTest.java:40)\r\n\tat java.base/jdk.internal.reflect.NativeMethodAccessorImpl.invoke0(Native Method)\r\n\tat java.base/jdk.internal.reflect.NativeMethodAccessorImpl.invoke(NativeMethodAccessorImpl.java:62)\r\n\tat java.base/jdk.internal.reflect.DelegatingMethodAccessorImpl.invoke(DelegatingMethodAccessorImpl.java:43)\r\n\tat java.base/java.lang.reflect.Method.invoke(Method.java:566)\r\n\tat org.testng.internal.MethodInvocationHelper.invokeMethod(MethodInvocationHelper.java:133)\r\n\tat org.testng.internal.TestInvoker.invokeMethod(TestInvoker.java:598)\r\n\tat org.testng.internal.TestInvoker.invokeTestMethod(TestInvoker.java:173)\r\n\tat org.testng.internal.MethodRunner.runInSequence(MethodRunner.java:46)\r\n\tat org.testng.internal.TestInvoker$MethodInvocationAgent.invoke(TestInvoker.java:824)\r\n\tat org.testng.internal.TestInvoker.invokeTestMethods(TestInvoker.java:146)\r\n\tat org.testng.internal.TestMethodWorker.invokeTestMethods(TestMethodWorker.java:146)\r\n\tat org.testng.internal.TestMethodWorker.run(TestMethodWorker.java:128)\r\n\tat java.base/java.util.ArrayList.forEach(ArrayList.java:1541)\r\n\tat org.testng.TestRunner.privateRun(TestRunner.java:794)\r\n\tat org.testng.TestRunner.run(TestRunner.java:596)\r\n\tat org.testng.SuiteRunner.runTest(SuiteRunner.java:377)\r\n\tat org.testng.SuiteRunner.runSequentially(SuiteRunner.java:371)\r\n\tat org.testng.SuiteRunner.privateRun(SuiteRunner.java:332)\r\n\tat org.testng.SuiteRunner.run(SuiteRunner.java:276)\r\n\tat org.testng.SuiteRunnerWorker.runSuite(SuiteRunnerWorker.java:53)\r\n\tat org.testng.SuiteRunnerWorker.run(SuiteRunnerWorker.java:96)\r\n\tat org.testng.TestNG.runSuitesSequentially(TestNG.java:1212)\r\n\tat org.testng.TestNG.runSuitesLocally(TestNG.java:1134)\r\n\tat org.testng.TestNG.runSuites(TestNG.java:1063)\r\n\tat org.testng.TestNG.run(TestNG.java:1031)\r\n\tat com.intellij.rt.testng.IDEARemoteTestNG.run(IDEARemoteTestNG.java:66)\r\n\tat com.intellij.rt.testng.RemoteTestNGStarter.main(RemoteTestNGStarter.java:109)\r\n",
    "steps" : [ {
      "name" : "Test koşumunun detayları için genişletin.",
      "time" : {
        "start" : 1669384848597,
        "stop" : 1669384892358,
        "duration" : 43761
      },
      "status" : "broken",
      "statusMessage" : "An element could not be located on the page using the given search parameters.\nFor documentation on this error, please visit: https://www.seleniumhq.org/exceptions/no_such_element.html\nBuild info: version: '3.141.59', revision: 'e82be7d358', time: '2018-11-14T08:17:03'\nSystem info: host: 'N110688', ip: '10.10.20.104', os.name: 'Windows 10', os.arch: 'amd64', os.version: '10.0', java.version: '11.0.10'\nDriver info: io.appium.java_client.android.AndroidDriver\nCapabilities {VERSION: 11, appActivity: tr.com.innova.fintek.ttpay...., appPackage: tr.com.turktelekom.pokus.test, autoAcceptAlerts: true, autoGrantPermissions: true, automationName: UiAutomator2, databaseEnabled: false, desired: {VERSION: 11, appActivity: tr.com.innova.fintek.ttpay...., appPackage: tr.com.turktelekom.pokus.test, autoAcceptAlerts: true, autoGrantPermissions: true, automationName: UiAutomator2, deviceName: Pixel_XL_API_33, disableWindowAnimation: true, newCommandTimeout: 6000, noReset: false, platformName: android}, deviceApiLevel: 32, deviceManufacturer: Google, deviceModel: sdk_gphone64_x86_64, deviceName: emulator-5554, deviceScreenDensity: 560, deviceScreenSize: 1440x3120, deviceUDID: emulator-5554, disableWindowAnimation: true, javascriptEnabled: true, locationContextEnabled: false, networkConnectionEnabled: true, newCommandTimeout: 6000, noReset: false, pixelRatio: 3.5, platform: LINUX, platformName: Android, platformVersion: 12, statBarHeight: 84, takesScreenshot: true, viewportRect: {height: 2844, left: 0, top: 84, width: 1440}, warnings: {}, webStorageEnabled: false}\nSession ID: 720dc7b6-ee9c-4b54-ac2e-19c284a46c09\n*** Element info: {Using=xpath, value=//*[@resource-id='tr.com.turktelekom.pokus.test:id/et_smart_textfield_text']}",
      "statusTrace" : "org.openqa.selenium.NoSuchElementException: An element could not be located on the page using the given search parameters.\nFor documentation on this error, please visit: https://www.seleniumhq.org/exceptions/no_such_element.html\nBuild info: version: '3.141.59', revision: 'e82be7d358', time: '2018-11-14T08:17:03'\nSystem info: host: 'N110688', ip: '10.10.20.104', os.name: 'Windows 10', os.arch: 'amd64', os.version: '10.0', java.version: '11.0.10'\nDriver info: io.appium.java_client.android.AndroidDriver\nCapabilities {VERSION: 11, appActivity: tr.com.innova.fintek.ttpay...., appPackage: tr.com.turktelekom.pokus.test, autoAcceptAlerts: true, autoGrantPermissions: true, automationName: UiAutomator2, databaseEnabled: false, desired: {VERSION: 11, appActivity: tr.com.innova.fintek.ttpay...., appPackage: tr.com.turktelekom.pokus.test, autoAcceptAlerts: true, autoGrantPermissions: true, automationName: UiAutomator2, deviceName: Pixel_XL_API_33, disableWindowAnimation: true, newCommandTimeout: 6000, noReset: false, platformName: android}, deviceApiLevel: 32, deviceManufacturer: Google, deviceModel: sdk_gphone64_x86_64, deviceName: emulator-5554, deviceScreenDensity: 560, deviceScreenSize: 1440x3120, deviceUDID: emulator-5554, disableWindowAnimation: true, javascriptEnabled: true, locationContextEnabled: false, networkConnectionEnabled: true, newCommandTimeout: 6000, noReset: false, pixelRatio: 3.5, platform: LINUX, platformName: Android, platformVersion: 12, statBarHeight: 84, takesScreenshot: true, viewportRect: {height: 2844, left: 0, top: 84, width: 1440}, warnings: {}, webStorageEnabled: false}\nSession ID: 720dc7b6-ee9c-4b54-ac2e-19c284a46c09\n*** Element info: {Using=xpath, value=//*[@resource-id='tr.com.turktelekom.pokus.test:id/et_smart_textfield_text']}\r\n\tat java.base/jdk.internal.reflect.NativeConstructorAccessorImpl.newInstance0(Native Method)\r\n\tat java.base/jdk.internal.reflect.NativeConstructorAccessorImpl.newInstance(NativeConstructorAccessorImpl.java:62)\r\n\tat java.base/jdk.internal.reflect.DelegatingConstructorAccessorImpl.newInstance(DelegatingConstructorAccessorImpl.java:45)\r\n\tat java.base/java.lang.reflect.Constructor.newInstance(Constructor.java:490)\r\n\tat org.openqa.selenium.remote.http.W3CHttpResponseCodec.createException(W3CHttpResponseCodec.java:187)\r\n\tat org.openqa.selenium.remote.http.W3CHttpResponseCodec.decode(W3CHttpResponseCodec.java:122)\r\n\tat org.openqa.selenium.remote.http.W3CHttpResponseCodec.decode(W3CHttpResponseCodec.java:49)\r\n\tat org.openqa.selenium.remote.HttpCommandExecutor.execute(HttpCommandExecutor.java:158)\r\n\tat io.appium.java_client.remote.AppiumCommandExecutor.execute(AppiumCommandExecutor.java:239)\r\n\tat org.openqa.selenium.remote.RemoteWebDriver.execute(RemoteWebDriver.java:552)\r\n\tat io.appium.java_client.DefaultGenericMobileDriver.execute(DefaultGenericMobileDriver.java:41)\r\n\tat io.appium.java_client.AppiumDriver.execute(AppiumDriver.java:1)\r\n\tat io.appium.java_client.android.AndroidDriver.execute(AndroidDriver.java:1)\r\n\tat org.openqa.selenium.remote.RemoteWebDriver.findElement(RemoteWebDriver.java:323)\r\n\tat io.appium.java_client.DefaultGenericMobileDriver.findElement(DefaultGenericMobileDriver.java:61)\r\n\tat io.appium.java_client.AppiumDriver.findElement(AppiumDriver.java:1)\r\n\tat io.appium.java_client.android.AndroidDriver.findElement(AndroidDriver.java:1)\r\n\tat org.openqa.selenium.remote.RemoteWebDriver.findElementByXPath(RemoteWebDriver.java:428)\r\n\tat io.appium.java_client.DefaultGenericMobileDriver.findElementByXPath(DefaultGenericMobileDriver.java:151)\r\n\tat io.appium.java_client.AppiumDriver.findElementByXPath(AppiumDriver.java:1)\r\n\tat io.appium.java_client.android.AndroidDriver.findElementByXPath(AndroidDriver.java:1)\r\n\tat org.openqa.selenium.By$ByXPath.findElement(By.java:353)\r\n\tat org.openqa.selenium.remote.RemoteWebDriver.findElement(RemoteWebDriver.java:315)\r\n\tat io.appium.java_client.DefaultGenericMobileDriver.findElement(DefaultGenericMobileDriver.java:57)\r\n\tat io.appium.java_client.AppiumDriver.findElement(AppiumDriver.java:1)\r\n\tat io.appium.java_client.android.AndroidDriver.findElement(AndroidDriver.java:1)\r\n\tat org.openqa.selenium.support.ui.ExpectedConditions$6.apply(ExpectedConditions.java:182)\r\n\tat org.openqa.selenium.support.ui.ExpectedConditions$6.apply(ExpectedConditions.java:179)\r\n\tat org.openqa.selenium.support.ui.FluentWait.until(FluentWait.java:249)\r\n\tat Libraries.TestUtils.tryFindElement(TestUtils.java:45)\r\n\tat Libraries.TestUtils.clickElementBy(TestUtils.java:36)\r\n\tat Pages.GlobalPage.tutarGir_IBAN(GlobalPage.java:111)\r\n\tat Verified.IBANKaydetParaGonderTest.IBANKaydet(IBANKaydetParaGonderTest.java:40)\r\n\tat java.base/jdk.internal.reflect.NativeMethodAccessorImpl.invoke0(Native Method)\r\n\tat java.base/jdk.internal.reflect.NativeMethodAccessorImpl.invoke(NativeMethodAccessorImpl.java:62)\r\n\tat java.base/jdk.internal.reflect.DelegatingMethodAccessorImpl.invoke(DelegatingMethodAccessorImpl.java:43)\r\n\tat java.base/java.lang.reflect.Method.invoke(Method.java:566)\r\n\tat org.testng.internal.MethodInvocationHelper.invokeMethod(MethodInvocationHelper.java:133)\r\n\tat org.testng.internal.TestInvoker.invokeMethod(TestInvoker.java:598)\r\n\tat org.testng.internal.TestInvoker.invokeTestMethod(TestInvoker.java:173)\r\n\tat org.testng.internal.MethodRunner.runInSequence(MethodRunner.java:46)\r\n\tat org.testng.internal.TestInvoker$MethodInvocationAgent.invoke(TestInvoker.java:824)\r\n\tat org.testng.internal.TestInvoker.invokeTestMethods(TestInvoker.java:146)\r\n\tat org.testng.internal.TestMethodWorker.invokeTestMethods(TestMethodWorker.java:146)\r\n\tat org.testng.internal.TestMethodWorker.run(TestMethodWorker.java:128)\r\n\tat java.base/java.util.ArrayList.forEach(ArrayList.java:1541)\r\n\tat org.testng.TestRunner.privateRun(TestRunner.java:794)\r\n\tat org.testng.TestRunner.run(TestRunner.java:596)\r\n\tat org.testng.SuiteRunner.runTest(SuiteRunner.java:377)\r\n\tat org.testng.SuiteRunner.runSequentially(SuiteRunner.java:371)\r\n\tat org.testng.SuiteRunner.privateRun(SuiteRunner.java:332)\r\n\tat org.testng.SuiteRunner.run(SuiteRunner.java:276)\r\n\tat org.testng.SuiteRunnerWorker.runSuite(SuiteRunnerWorker.java:53)\r\n\tat org.testng.SuiteRunnerWorker.run(SuiteRunnerWorker.java:96)\r\n\tat org.testng.TestNG.runSuitesSequentially(TestNG.java:1212)\r\n\tat org.testng.TestNG.runSuitesLocally(TestNG.java:1134)\r\n\tat org.testng.TestNG.runSuites(TestNG.java:1063)\r\n\tat org.testng.TestNG.run(TestNG.java:1031)\r\n\tat com.intellij.rt.testng.IDEARemoteTestNG.run(IDEARemoteTestNG.java:66)\r\n\tat com.intellij.rt.testng.RemoteTestNGStarter.main(RemoteTestNGStarter.java:109)\r\n",
      "steps" : [ {
        "name" : "bakiyeKontrol_Verified",
        "time" : {
          "start" : 1669384848606,
          "stop" : 1669384850613,
          "duration" : 2007
        },
        "status" : "passed",
        "steps" : [ ],
        "attachments" : [ {
          "uid" : "8cafd0bc5628848e",
          "name" : "Bilgi",
          "source" : "8cafd0bc5628848e.txt",
          "type" : "text/plain",
          "size" : 4
        } ],
        "parameters" : [ ],
        "hasContent" : true,
        "stepsCount" : 0,
        "attachmentsCount" : 1,
        "shouldDisplayMessage" : false
      }, {
        "name" : "setUsername 5997654321",
        "time" : {
          "start" : 1669384850619,
          "stop" : 1669384851675,
          "duration" : 1056
        },
        "status" : "passed",
        "steps" : [ ],
        "attachments" : [ ],
        "parameters" : [ {
          "name" : "username",
          "value" : "5997654321"
        } ],
        "hasContent" : true,
        "stepsCount" : 0,
        "attachmentsCount" : 0,
        "shouldDisplayMessage" : false
      }, {
        "name" : "setPassword 135791",
        "time" : {
          "start" : 1669384851675,
          "stop" : 1669384853023,
          "duration" : 1348
        },
        "status" : "passed",
        "steps" : [ ],
        "attachments" : [ ],
        "parameters" : [ {
          "name" : "password",
          "value" : "135791"
        } ],
        "hasContent" : true,
        "stepsCount" : 0,
        "attachmentsCount" : 0,
        "shouldDisplayMessage" : false
      }, {
        "name" : "getTextOfOTPMessage",
        "time" : {
          "start" : 1669384853023,
          "stop" : 1669384854849,
          "duration" : 1826
        },
        "status" : "passed",
        "steps" : [ ],
        "attachments" : [ ],
        "parameters" : [ ],
        "hasContent" : false,
        "stepsCount" : 0,
        "attachmentsCount" : 0,
        "shouldDisplayMessage" : false
      }, {
        "name" : "click_HamburgerMenu",
        "time" : {
          "start" : 1669384860327,
          "stop" : 1669384865538,
          "duration" : 5211
        },
        "status" : "passed",
        "steps" : [ ],
        "attachments" : [ ],
        "parameters" : [ ],
        "hasContent" : false,
        "stepsCount" : 0,
        "attachmentsCount" : 0,
        "shouldDisplayMessage" : false
      }, {
        "name" : "click_rehberimVeBankaHesaplarim",
        "time" : {
          "start" : 1669384865539,
          "stop" : 1669384866327,
          "duration" : 788
        },
        "status" : "passed",
        "steps" : [ ],
        "attachments" : [ ],
        "parameters" : [ ],
        "hasContent" : false,
        "stepsCount" : 0,
        "attachmentsCount" : 0,
        "shouldDisplayMessage" : false
      }, {
        "name" : "click_IbanSekmesi",
        "time" : {
          "start" : 1669384866328,
          "stop" : 1669384867850,
          "duration" : 1522
        },
        "status" : "passed",
        "steps" : [ ],
        "attachments" : [ ],
        "parameters" : [ ],
        "hasContent" : false,
        "stepsCount" : 0,
        "attachmentsCount" : 0,
        "shouldDisplayMessage" : false
      }, {
        "name" : "click_plusButton",
        "time" : {
          "start" : 1669384867850,
          "stop" : 1669384868813,
          "duration" : 963
        },
        "status" : "passed",
        "steps" : [ ],
        "attachments" : [ ],
        "parameters" : [ ],
        "hasContent" : false,
        "stepsCount" : 0,
        "attachmentsCount" : 0,
        "shouldDisplayMessage" : false
      }, {
        "name" : "IbanBilgileriniDoldur",
        "time" : {
          "start" : 1669384868813,
          "stop" : 1669384874864,
          "duration" : 6051
        },
        "status" : "passed",
        "steps" : [ ],
        "attachments" : [ ],
        "parameters" : [ ],
        "hasContent" : false,
        "stepsCount" : 0,
        "attachmentsCount" : 0,
        "shouldDisplayMessage" : false
      }, {
        "name" : "IBANKaydedilenKisiyiSec",
        "time" : {
          "start" : 1669384874864,
          "stop" : 1669384876268,
          "duration" : 1404
        },
        "status" : "passed",
        "steps" : [ ],
        "attachments" : [ ],
        "parameters" : [ ],
        "hasContent" : false,
        "stepsCount" : 0,
        "attachmentsCount" : 0,
        "shouldDisplayMessage" : false
      }, {
        "name" : "click_paraGonderButonu",
        "time" : {
          "start" : 1669384876269,
          "stop" : 1669384877283,
          "duration" : 1014
        },
        "status" : "passed",
        "steps" : [ ],
        "attachments" : [ ],
        "parameters" : [ ],
        "hasContent" : false,
        "stepsCount" : 0,
        "attachmentsCount" : 0,
        "shouldDisplayMessage" : false
      }, {
        "name" : "tutarGir_IBAN",
        "time" : {
          "start" : 1669384877283,
          "stop" : 1669384892358,
          "duration" : 15075
        },
        "status" : "broken",
        "statusMessage" : "An element could not be located on the page using the given search parameters.\nFor documentation on this error, please visit: https://www.seleniumhq.org/exceptions/no_such_element.html\nBuild info: version: '3.141.59', revision: 'e82be7d358', time: '2018-11-14T08:17:03'\nSystem info: host: 'N110688', ip: '10.10.20.104', os.name: 'Windows 10', os.arch: 'amd64', os.version: '10.0', java.version: '11.0.10'\nDriver info: io.appium.java_client.android.AndroidDriver\nCapabilities {VERSION: 11, appActivity: tr.com.innova.fintek.ttpay...., appPackage: tr.com.turktelekom.pokus.test, autoAcceptAlerts: true, autoGrantPermissions: true, automationName: UiAutomator2, databaseEnabled: false, desired: {VERSION: 11, appActivity: tr.com.innova.fintek.ttpay...., appPackage: tr.com.turktelekom.pokus.test, autoAcceptAlerts: true, autoGrantPermissions: true, automationName: UiAutomator2, deviceName: Pixel_XL_API_33, disableWindowAnimation: true, newCommandTimeout: 6000, noReset: false, platformName: android}, deviceApiLevel: 32, deviceManufacturer: Google, deviceModel: sdk_gphone64_x86_64, deviceName: emulator-5554, deviceScreenDensity: 560, deviceScreenSize: 1440x3120, deviceUDID: emulator-5554, disableWindowAnimation: true, javascriptEnabled: true, locationContextEnabled: false, networkConnectionEnabled: true, newCommandTimeout: 6000, noReset: false, pixelRatio: 3.5, platform: LINUX, platformName: Android, platformVersion: 12, statBarHeight: 84, takesScreenshot: true, viewportRect: {height: 2844, left: 0, top: 84, width: 1440}, warnings: {}, webStorageEnabled: false}\nSession ID: 720dc7b6-ee9c-4b54-ac2e-19c284a46c09\n*** Element info: {Using=xpath, value=//*[@resource-id='tr.com.turktelekom.pokus.test:id/et_smart_textfield_text']}",
        "statusTrace" : "org.openqa.selenium.NoSuchElementException: An element could not be located on the page using the given search parameters.\nFor documentation on this error, please visit: https://www.seleniumhq.org/exceptions/no_such_element.html\nBuild info: version: '3.141.59', revision: 'e82be7d358', time: '2018-11-14T08:17:03'\nSystem info: host: 'N110688', ip: '10.10.20.104', os.name: 'Windows 10', os.arch: 'amd64', os.version: '10.0', java.version: '11.0.10'\nDriver info: io.appium.java_client.android.AndroidDriver\nCapabilities {VERSION: 11, appActivity: tr.com.innova.fintek.ttpay...., appPackage: tr.com.turktelekom.pokus.test, autoAcceptAlerts: true, autoGrantPermissions: true, automationName: UiAutomator2, databaseEnabled: false, desired: {VERSION: 11, appActivity: tr.com.innova.fintek.ttpay...., appPackage: tr.com.turktelekom.pokus.test, autoAcceptAlerts: true, autoGrantPermissions: true, automationName: UiAutomator2, deviceName: Pixel_XL_API_33, disableWindowAnimation: true, newCommandTimeout: 6000, noReset: false, platformName: android}, deviceApiLevel: 32, deviceManufacturer: Google, deviceModel: sdk_gphone64_x86_64, deviceName: emulator-5554, deviceScreenDensity: 560, deviceScreenSize: 1440x3120, deviceUDID: emulator-5554, disableWindowAnimation: true, javascriptEnabled: true, locationContextEnabled: false, networkConnectionEnabled: true, newCommandTimeout: 6000, noReset: false, pixelRatio: 3.5, platform: LINUX, platformName: Android, platformVersion: 12, statBarHeight: 84, takesScreenshot: true, viewportRect: {height: 2844, left: 0, top: 84, width: 1440}, warnings: {}, webStorageEnabled: false}\nSession ID: 720dc7b6-ee9c-4b54-ac2e-19c284a46c09\n*** Element info: {Using=xpath, value=//*[@resource-id='tr.com.turktelekom.pokus.test:id/et_smart_textfield_text']}\r\n\tat java.base/jdk.internal.reflect.NativeConstructorAccessorImpl.newInstance0(Native Method)\r\n\tat java.base/jdk.internal.reflect.NativeConstructorAccessorImpl.newInstance(NativeConstructorAccessorImpl.java:62)\r\n\tat java.base/jdk.internal.reflect.DelegatingConstructorAccessorImpl.newInstance(DelegatingConstructorAccessorImpl.java:45)\r\n\tat java.base/java.lang.reflect.Constructor.newInstance(Constructor.java:490)\r\n\tat org.openqa.selenium.remote.http.W3CHttpResponseCodec.createException(W3CHttpResponseCodec.java:187)\r\n\tat org.openqa.selenium.remote.http.W3CHttpResponseCodec.decode(W3CHttpResponseCodec.java:122)\r\n\tat org.openqa.selenium.remote.http.W3CHttpResponseCodec.decode(W3CHttpResponseCodec.java:49)\r\n\tat org.openqa.selenium.remote.HttpCommandExecutor.execute(HttpCommandExecutor.java:158)\r\n\tat io.appium.java_client.remote.AppiumCommandExecutor.execute(AppiumCommandExecutor.java:239)\r\n\tat org.openqa.selenium.remote.RemoteWebDriver.execute(RemoteWebDriver.java:552)\r\n\tat io.appium.java_client.DefaultGenericMobileDriver.execute(DefaultGenericMobileDriver.java:41)\r\n\tat io.appium.java_client.AppiumDriver.execute(AppiumDriver.java:1)\r\n\tat io.appium.java_client.android.AndroidDriver.execute(AndroidDriver.java:1)\r\n\tat org.openqa.selenium.remote.RemoteWebDriver.findElement(RemoteWebDriver.java:323)\r\n\tat io.appium.java_client.DefaultGenericMobileDriver.findElement(DefaultGenericMobileDriver.java:61)\r\n\tat io.appium.java_client.AppiumDriver.findElement(AppiumDriver.java:1)\r\n\tat io.appium.java_client.android.AndroidDriver.findElement(AndroidDriver.java:1)\r\n\tat org.openqa.selenium.remote.RemoteWebDriver.findElementByXPath(RemoteWebDriver.java:428)\r\n\tat io.appium.java_client.DefaultGenericMobileDriver.findElementByXPath(DefaultGenericMobileDriver.java:151)\r\n\tat io.appium.java_client.AppiumDriver.findElementByXPath(AppiumDriver.java:1)\r\n\tat io.appium.java_client.android.AndroidDriver.findElementByXPath(AndroidDriver.java:1)\r\n\tat org.openqa.selenium.By$ByXPath.findElement(By.java:353)\r\n\tat org.openqa.selenium.remote.RemoteWebDriver.findElement(RemoteWebDriver.java:315)\r\n\tat io.appium.java_client.DefaultGenericMobileDriver.findElement(DefaultGenericMobileDriver.java:57)\r\n\tat io.appium.java_client.AppiumDriver.findElement(AppiumDriver.java:1)\r\n\tat io.appium.java_client.android.AndroidDriver.findElement(AndroidDriver.java:1)\r\n\tat org.openqa.selenium.support.ui.ExpectedConditions$6.apply(ExpectedConditions.java:182)\r\n\tat org.openqa.selenium.support.ui.ExpectedConditions$6.apply(ExpectedConditions.java:179)\r\n\tat org.openqa.selenium.support.ui.FluentWait.until(FluentWait.java:249)\r\n\tat Libraries.TestUtils.tryFindElement(TestUtils.java:45)\r\n\tat Libraries.TestUtils.clickElementBy(TestUtils.java:36)\r\n\tat Pages.GlobalPage.tutarGir_IBAN(GlobalPage.java:111)\r\n\tat Verified.IBANKaydetParaGonderTest.IBANKaydet(IBANKaydetParaGonderTest.java:40)\r\n\tat java.base/jdk.internal.reflect.NativeMethodAccessorImpl.invoke0(Native Method)\r\n\tat java.base/jdk.internal.reflect.NativeMethodAccessorImpl.invoke(NativeMethodAccessorImpl.java:62)\r\n\tat java.base/jdk.internal.reflect.DelegatingMethodAccessorImpl.invoke(DelegatingMethodAccessorImpl.java:43)\r\n\tat java.base/java.lang.reflect.Method.invoke(Method.java:566)\r\n\tat org.testng.internal.MethodInvocationHelper.invokeMethod(MethodInvocationHelper.java:133)\r\n\tat org.testng.internal.TestInvoker.invokeMethod(TestInvoker.java:598)\r\n\tat org.testng.internal.TestInvoker.invokeTestMethod(TestInvoker.java:173)\r\n\tat org.testng.internal.MethodRunner.runInSequence(MethodRunner.java:46)\r\n\tat org.testng.internal.TestInvoker$MethodInvocationAgent.invoke(TestInvoker.java:824)\r\n\tat org.testng.internal.TestInvoker.invokeTestMethods(TestInvoker.java:146)\r\n\tat org.testng.internal.TestMethodWorker.invokeTestMethods(TestMethodWorker.java:146)\r\n\tat org.testng.internal.TestMethodWorker.run(TestMethodWorker.java:128)\r\n\tat java.base/java.util.ArrayList.forEach(ArrayList.java:1541)\r\n\tat org.testng.TestRunner.privateRun(TestRunner.java:794)\r\n\tat org.testng.TestRunner.run(TestRunner.java:596)\r\n\tat org.testng.SuiteRunner.runTest(SuiteRunner.java:377)\r\n\tat org.testng.SuiteRunner.runSequentially(SuiteRunner.java:371)\r\n\tat org.testng.SuiteRunner.privateRun(SuiteRunner.java:332)\r\n\tat org.testng.SuiteRunner.run(SuiteRunner.java:276)\r\n\tat org.testng.SuiteRunnerWorker.runSuite(SuiteRunnerWorker.java:53)\r\n\tat org.testng.SuiteRunnerWorker.run(SuiteRunnerWorker.java:96)\r\n\tat org.testng.TestNG.runSuitesSequentially(TestNG.java:1212)\r\n\tat org.testng.TestNG.runSuitesLocally(TestNG.java:1134)\r\n\tat org.testng.TestNG.runSuites(TestNG.java:1063)\r\n\tat org.testng.TestNG.run(TestNG.java:1031)\r\n\tat com.intellij.rt.testng.IDEARemoteTestNG.run(IDEARemoteTestNG.java:66)\r\n\tat com.intellij.rt.testng.RemoteTestNGStarter.main(RemoteTestNGStarter.java:109)\r\n",
        "steps" : [ ],
        "attachments" : [ ],
        "parameters" : [ ],
        "hasContent" : true,
        "stepsCount" : 0,
        "attachmentsCount" : 0,
        "shouldDisplayMessage" : true
      } ],
      "attachments" : [ ],
      "parameters" : [ ],
      "hasContent" : true,
      "stepsCount" : 12,
      "attachmentsCount" : 1,
      "shouldDisplayMessage" : false
    } ],
    "attachments" : [ {
      "uid" : "eb07d5162543f272",
      "name" : "Screenshot",
      "source" : "eb07d5162543f272.png",
      "type" : "image/png",
      "size" : 125964
    }, {
      "uid" : "6f23c8ec854fef67",
      "name" : "IBANKaydet failed and screenshot taken!",
      "source" : "6f23c8ec854fef67.txt",
      "type" : "text/plain",
      "size" : 39
    } ],
    "parameters" : [ ],
    "hasContent" : true,
    "stepsCount" : 13,
    "attachmentsCount" : 3,
    "shouldDisplayMessage" : false
  },
  "afterStages" : [ {
    "name" : "stopAppiumAndDriver",
    "time" : {
      "start" : 1669384893425,
      "stop" : 1669384894007,
      "duration" : 582
    },
    "description" : "",
    "status" : "passed",
    "steps" : [ ],
    "attachments" : [ ],
    "parameters" : [ ],
    "hasContent" : false,
    "stepsCount" : 0,
    "attachmentsCount" : 0,
    "shouldDisplayMessage" : false
  } ],
  "labels" : [ {
    "name" : "package",
    "value" : "Verified.IBANKaydetParaGonderTest"
  }, {
    "name" : "testClass",
    "value" : "Verified.IBANKaydetParaGonderTest"
  }, {
    "name" : "testMethod",
    "value" : "IBANKaydet"
  }, {
    "name" : "parentSuite",
    "value" : "Default Suite"
  }, {
    "name" : "suite",
    "value" : "ttPay_POM"
  }, {
    "name" : "subSuite",
    "value" : "Verified.IBANKaydetParaGonderTest"
  }, {
    "name" : "host",
    "value" : "N110688"
  }, {
    "name" : "thread",
    "value" : "26216@N110688.main(1)"
  }, {
    "name" : "framework",
    "value" : "testng"
  }, {
    "name" : "language",
    "value" : "java"
  }, {
    "name" : "severity",
    "value" : "minor"
  }, {
    "name" : "resultFormat",
    "value" : "allure2"
  } ],
  "parameters" : [ ],
  "links" : [ ],
  "hidden" : false,
  "retry" : false,
  "extra" : {
    "severity" : "minor",
    "retries" : [ {
      "uid" : "4ebde65e84f6aa8",
      "status" : "broken",
      "statusDetails" : "The element 'By.id: ibSecondButton' is not linked to the same object in DOM anymore\nFor documentation on this error, please visit: https://www.seleniumhq.org/exceptions/stale_element_reference.html\nBuild info: version: '3.141.59', revision: 'e82be7d358', time: '2018-11-14T08:17:03'\nSystem info: host: 'N110688', ip: '10.10.20.104', os.name: 'Windows 10', os.arch: 'amd64', os.version: '10.0', java.version: '11.0.10'\nDriver info: io.appium.java_client.android.AndroidDriver\nCapabilities {VERSION: 11, appActivity: tr.com.innova.fintek.ttpay...., appPackage: tr.com.turktelekom.pokus.test, autoAcceptAlerts: true, autoGrantPermissions: true, automationName: UiAutomator2, databaseEnabled: false, desired: {VERSION: 11, appActivity: tr.com.innova.fintek.ttpay...., appPackage: tr.com.turktelekom.pokus.test, autoAcceptAlerts: true, autoGrantPermissions: true, automationName: UiAutomator2, deviceName: Pixel_XL_API_33, disableWindowAnimation: true, newCommandTimeout: 6000, noReset: false, platformName: android}, deviceApiLevel: 32, deviceManufacturer: Google, deviceModel: sdk_gphone64_x86_64, deviceName: emulator-5554, deviceScreenDensity: 560, deviceScreenSize: 1440x3120, deviceUDID: emulator-5554, disableWindowAnimation: true, javascriptEnabled: true, locationContextEnabled: false, networkConnectionEnabled: true, newCommandTimeout: 6000, noReset: false, pixelRatio: 3.5, platform: LINUX, platformName: Android, platformVersion: 12, statBarHeight: 84, takesScreenshot: true, viewportRect: {height: 2844, left: 0, top: 84, width: 1440}, warnings: {}, webStorageEnabled: false}\nSession ID: 2191db73-42c5-46f4-a013-ddaf4ea98849",
      "time" : {
        "start" : 1669384588302,
        "stop" : 1669384609538,
        "duration" : 21236
      }
    }, {
      "uid" : "1daeb1c5f6730362",
      "status" : "broken",
      "statusDetails" : "An element could not be located on the page using the given search parameters.\nFor documentation on this error, please visit: https://www.seleniumhq.org/exceptions/no_such_element.html\nBuild info: version: '3.141.59', revision: 'e82be7d358', time: '2018-11-14T08:17:03'\nSystem info: host: 'N110688', ip: '10.10.20.104', os.name: 'Windows 10', os.arch: 'amd64', os.version: '10.0', java.version: '11.0.10'\nDriver info: io.appium.java_client.android.AndroidDriver\nCapabilities {VERSION: 11, appActivity: tr.com.innova.fintek.ttpay...., appPackage: tr.com.turktelekom.pokus.test, autoAcceptAlerts: true, autoGrantPermissions: true, automationName: UiAutomator2, databaseEnabled: false, desired: {VERSION: 11, appActivity: tr.com.innova.fintek.ttpay...., appPackage: tr.com.turktelekom.pokus.test, autoAcceptAlerts: true, autoGrantPermissions: true, automationName: UiAutomator2, deviceName: Pixel_XL_API_33, disableWindowAnimation: true, newCommandTimeout: 6000, noReset: false, platformName: android}, deviceApiLevel: 32, deviceManufacturer: Google, deviceModel: sdk_gphone64_x86_64, deviceName: emulator-5554, deviceScreenDensity: 560, deviceScreenSize: 1440x3120, deviceUDID: emulator-5554, disableWindowAnimation: true, javascriptEnabled: true, locationContextEnabled: false, networkConnectionEnabled: true, newCommandTimeout: 6000, noReset: false, pixelRatio: 3.5, platform: LINUX, platformName: Android, platformVersion: 12, statBarHeight: 84, takesScreenshot: true, viewportRect: {height: 2844, left: 0, top: 84, width: 1440}, warnings: {}, webStorageEnabled: false}\nSession ID: f9f8a080-3e08-4d12-b30f-52d6d8a4eb0f\n*** Element info: {Using=id, value=fs_success_dialog_submith}",
      "time" : {
        "start" : 1669384047244,
        "stop" : 1669384105254,
        "duration" : 58010
      }
    }, {
      "uid" : "2128b10e7500807a",
      "status" : "broken",
      "statusDetails" : "The element 'By.id: imgNoAvatar' is not linked to the same object in DOM anymore\nFor documentation on this error, please visit: https://www.seleniumhq.org/exceptions/stale_element_reference.html\nBuild info: version: '3.141.59', revision: 'e82be7d358', time: '2018-11-14T08:17:03'\nSystem info: host: 'N110688', ip: '10.10.20.104', os.name: 'Windows 10', os.arch: 'amd64', os.version: '10.0', java.version: '11.0.10'\nDriver info: io.appium.java_client.android.AndroidDriver\nCapabilities {VERSION: 11, appActivity: tr.com.innova.fintek.ttpay...., appPackage: tr.com.turktelekom.pokus.test, autoAcceptAlerts: true, autoGrantPermissions: true, automationName: UiAutomator2, databaseEnabled: false, desired: {VERSION: 11, appActivity: tr.com.innova.fintek.ttpay...., appPackage: tr.com.turktelekom.pokus.test, autoAcceptAlerts: true, autoGrantPermissions: true, automationName: UiAutomator2, deviceName: Pixel_XL_API_33, disableWindowAnimation: true, newCommandTimeout: 6000, noReset: false, platformName: android}, deviceApiLevel: 32, deviceManufacturer: Google, deviceModel: sdk_gphone64_x86_64, deviceName: emulator-5554, deviceScreenDensity: 560, deviceScreenSize: 1440x3120, deviceUDID: emulator-5554, disableWindowAnimation: true, javascriptEnabled: true, locationContextEnabled: false, networkConnectionEnabled: true, newCommandTimeout: 6000, noReset: false, pixelRatio: 3.5, platform: LINUX, platformName: Android, platformVersion: 12, statBarHeight: 84, takesScreenshot: true, viewportRect: {height: 2844, left: 0, top: 84, width: 1440}, warnings: {}, webStorageEnabled: false}\nSession ID: 5c8a88bc-3ff7-4e45-8613-bfcfb3b33345",
      "time" : {
        "start" : 1669382834136,
        "stop" : 1669382889131,
        "duration" : 54995
      }
    }, {
      "uid" : "2ff38ed265a1aa35",
      "status" : "broken",
      "statusDetails" : "An element could not be located on the page using the given search parameters.\nFor documentation on this error, please visit: https://www.seleniumhq.org/exceptions/no_such_element.html\nBuild info: version: '3.141.59', revision: 'e82be7d358', time: '2018-11-14T08:17:03'\nSystem info: host: 'N110688', ip: '10.10.20.104', os.name: 'Windows 10', os.arch: 'amd64', os.version: '10.0', java.version: '11.0.10'\nDriver info: io.appium.java_client.android.AndroidDriver\nCapabilities {VERSION: 11, appActivity: tr.com.innova.fintek.ttpay...., appPackage: tr.com.turktelekom.pokus.test, autoAcceptAlerts: true, autoGrantPermissions: true, automationName: UiAutomator2, databaseEnabled: false, desired: {VERSION: 11, appActivity: tr.com.innova.fintek.ttpay...., appPackage: tr.com.turktelekom.pokus.test, autoAcceptAlerts: true, autoGrantPermissions: true, automationName: UiAutomator2, deviceName: Pixel_XL_API_33, disableWindowAnimation: true, newCommandTimeout: 6000, noReset: false, platformName: android}, deviceApiLevel: 32, deviceManufacturer: Google, deviceModel: sdk_gphone64_x86_64, deviceName: emulator-5554, deviceScreenDensity: 560, deviceScreenSize: 1440x3120, deviceUDID: emulator-5554, disableWindowAnimation: true, javascriptEnabled: true, locationContextEnabled: false, networkConnectionEnabled: true, newCommandTimeout: 6000, noReset: false, pixelRatio: 3.5, platform: LINUX, platformName: Android, platformVersion: 12, statBarHeight: 84, takesScreenshot: true, viewportRect: {height: 2844, left: 0, top: 84, width: 1440}, warnings: {}, webStorageEnabled: false}\nSession ID: 4fdf715f-1a88-4cd3-843e-b2e07c3d8ba2\n*** Element info: {Using=id, value=ibBackButton}",
      "time" : {
        "start" : 1669380941179,
        "stop" : 1669380961297,
        "duration" : 20118
      }
    }, {
      "uid" : "a7125a431b4e6e5e",
      "status" : "passed",
      "time" : {
        "start" : 1669367637206,
        "stop" : 1669367696233,
        "duration" : 59027
      }
    }, {
      "uid" : "d78ebe6e32e97102",
      "status" : "broken",
      "statusDetails" : "An element could not be located on the page using the given search parameters.\nFor documentation on this error, please visit: https://www.seleniumhq.org/exceptions/no_such_element.html\nBuild info: version: '3.141.59', revision: 'e82be7d358', time: '2018-11-14T08:17:03'\nSystem info: host: 'N110688', ip: '10.10.20.104', os.name: 'Windows 10', os.arch: 'amd64', os.version: '10.0', java.version: '11.0.10'\nDriver info: io.appium.java_client.android.AndroidDriver\nCapabilities {VERSION: 11, appActivity: tr.com.innova.fintek.ttpay...., appPackage: tr.com.turktelekom.pokus.test, autoAcceptAlerts: true, autoGrantPermissions: true, automationName: UiAutomator2, databaseEnabled: false, desired: {VERSION: 11, appActivity: tr.com.innova.fintek.ttpay...., appPackage: tr.com.turktelekom.pokus.test, autoAcceptAlerts: true, autoGrantPermissions: true, automationName: UiAutomator2, deviceName: Pixel_XL_API_33, disableWindowAnimation: true, newCommandTimeout: 6000, noReset: false, platformName: android}, deviceApiLevel: 32, deviceManufacturer: Google, deviceModel: sdk_gphone64_x86_64, deviceName: emulator-5554, deviceScreenDensity: 560, deviceScreenSize: 1440x3120, deviceUDID: emulator-5554, disableWindowAnimation: true, javascriptEnabled: true, locationContextEnabled: false, networkConnectionEnabled: true, newCommandTimeout: 6000, noReset: false, pixelRatio: 3.5, platform: LINUX, platformName: Android, platformVersion: 12, statBarHeight: 84, takesScreenshot: true, viewportRect: {height: 2844, left: 0, top: 84, width: 1440}, warnings: {}, webStorageEnabled: false}\nSession ID: 820ea5d8-c5b0-4427-b425-23fb4525a28a\n*** Element info: {Using=id, value=btnWantMoneyAmountSubmit}",
      "time" : {
        "start" : 1669367054935,
        "stop" : 1669367114545,
        "duration" : 59610
      }
    }, {
      "uid" : "84321468a6f6fdf2",
      "status" : "broken",
      "statusDetails" : "An element could not be located on the page using the given search parameters.\nFor documentation on this error, please visit: https://www.seleniumhq.org/exceptions/no_such_element.html\nBuild info: version: '3.141.59', revision: 'e82be7d358', time: '2018-11-14T08:17:03'\nSystem info: host: 'N110688', ip: '10.10.20.104', os.name: 'Windows 10', os.arch: 'amd64', os.version: '10.0', java.version: '11.0.10'\nDriver info: io.appium.java_client.android.AndroidDriver\nCapabilities {VERSION: 11, appActivity: tr.com.innova.fintek.ttpay...., appPackage: tr.com.turktelekom.pokus.test, autoAcceptAlerts: true, autoGrantPermissions: true, automationName: UiAutomator2, databaseEnabled: false, desired: {VERSION: 11, appActivity: tr.com.innova.fintek.ttpay...., appPackage: tr.com.turktelekom.pokus.test, autoAcceptAlerts: true, autoGrantPermissions: true, automationName: UiAutomator2, deviceName: Pixel_XL_API_33, disableWindowAnimation: true, newCommandTimeout: 6000, noReset: false, platformName: android}, deviceApiLevel: 32, deviceManufacturer: Google, deviceModel: sdk_gphone64_x86_64, deviceName: emulator-5554, deviceScreenDensity: 560, deviceScreenSize: 1440x3120, deviceUDID: emulator-5554, disableWindowAnimation: true, javascriptEnabled: true, locationContextEnabled: false, networkConnectionEnabled: true, newCommandTimeout: 6000, noReset: false, pixelRatio: 3.5, platform: LINUX, platformName: Android, platformVersion: 12, statBarHeight: 84, takesScreenshot: true, viewportRect: {height: 2844, left: 0, top: 84, width: 1440}, warnings: {}, webStorageEnabled: false}\nSession ID: 8037ad5a-546f-498a-820f-0354ddf76125\n*** Element info: {Using=id, value=fs_success_dialog_submith}",
      "time" : {
        "start" : 1669366942221,
        "stop" : 1669366996561,
        "duration" : 54340
      }
    }, {
      "uid" : "df181ee08dcb22cd",
      "status" : "broken",
      "statusDetails" : "An element could not be located on the page using the given search parameters.\nFor documentation on this error, please visit: https://www.seleniumhq.org/exceptions/no_such_element.html\nBuild info: version: '3.141.59', revision: 'e82be7d358', time: '2018-11-14T08:17:03'\nSystem info: host: 'N110688', ip: '10.10.20.104', os.name: 'Windows 10', os.arch: 'amd64', os.version: '10.0', java.version: '11.0.10'\nDriver info: io.appium.java_client.android.AndroidDriver\nCapabilities {VERSION: 11, appActivity: tr.com.innova.fintek.ttpay...., appPackage: tr.com.turktelekom.pokus.test, autoAcceptAlerts: true, autoGrantPermissions: true, automationName: UiAutomator2, databaseEnabled: false, desired: {VERSION: 11, appActivity: tr.com.innova.fintek.ttpay...., appPackage: tr.com.turktelekom.pokus.test, autoAcceptAlerts: true, autoGrantPermissions: true, automationName: UiAutomator2, deviceName: Pixel_XL_API_33, disableWindowAnimation: true, newCommandTimeout: 6000, noReset: false, platformName: android}, deviceApiLevel: 32, deviceManufacturer: Google, deviceModel: sdk_gphone64_x86_64, deviceName: emulator-5554, deviceScreenDensity: 560, deviceScreenSize: 1440x3120, deviceUDID: emulator-5554, disableWindowAnimation: true, javascriptEnabled: true, locationContextEnabled: false, networkConnectionEnabled: true, newCommandTimeout: 6000, noReset: false, pixelRatio: 3.5, platform: LINUX, platformName: Android, platformVersion: 12, statBarHeight: 84, takesScreenshot: true, viewportRect: {height: 2844, left: 0, top: 84, width: 1440}, warnings: {}, webStorageEnabled: false}\nSession ID: a6e67c97-3332-48fc-a2c7-52fdc89be476\n*** Element info: {Using=xpath, value=//*[@resource-id='tr.com.turktelekom.pokus.test:id/et_smart_textfield_text']}",
      "time" : {
        "start" : 1669366855947,
        "stop" : 1669366912846,
        "duration" : 56899
      }
    }, {
      "uid" : "c97a19d010e985ba",
      "status" : "broken",
      "statusDetails" : "An element could not be located on the page using the given search parameters.\nFor documentation on this error, please visit: https://www.seleniumhq.org/exceptions/no_such_element.html\nBuild info: version: '3.141.59', revision: 'e82be7d358', time: '2018-11-14T08:17:03'\nSystem info: host: 'N110688', ip: '10.10.20.104', os.name: 'Windows 10', os.arch: 'amd64', os.version: '10.0', java.version: '11.0.10'\nDriver info: io.appium.java_client.android.AndroidDriver\nCapabilities {VERSION: 11, appActivity: tr.com.innova.fintek.ttpay...., appPackage: tr.com.turktelekom.pokus.test, autoAcceptAlerts: true, autoGrantPermissions: true, automationName: UiAutomator2, databaseEnabled: false, desired: {VERSION: 11, appActivity: tr.com.innova.fintek.ttpay...., appPackage: tr.com.turktelekom.pokus.test, autoAcceptAlerts: true, autoGrantPermissions: true, automationName: UiAutomator2, deviceName: Pixel_XL_API_33, disableWindowAnimation: true, newCommandTimeout: 6000, noReset: false, platformName: android}, deviceApiLevel: 32, deviceManufacturer: Google, deviceModel: sdk_gphone64_x86_64, deviceName: emulator-5554, deviceScreenDensity: 560, deviceScreenSize: 1440x3120, deviceUDID: emulator-5554, disableWindowAnimation: true, javascriptEnabled: true, locationContextEnabled: false, networkConnectionEnabled: true, newCommandTimeout: 6000, noReset: false, pixelRatio: 3.5, platform: LINUX, platformName: Android, platformVersion: 12, statBarHeight: 84, takesScreenshot: true, viewportRect: {height: 2844, left: 0, top: 84, width: 1440}, warnings: {}, webStorageEnabled: false}\nSession ID: b177dded-fc43-436b-99b6-c63a9885e26b\n*** Element info: {Using=id, value=btnWantMoneyAmountSubmit}",
      "time" : {
        "start" : 1669366610778,
        "stop" : 1669366673381,
        "duration" : 62603
      }
    } ],
    "categories" : [ {
      "name" : "Test defects",
      "matchedStatuses" : [ ],
      "flaky" : false
    } ],
    "tags" : [ ]
  },
  "source" : "2ec6f77eaae2f678.json",
  "parameterValues" : [ ]
}