{
  "uid" : "423db066ffaeb9dc",
  "name" : "LoginAndClickParaGonder",
  "fullName" : "SemiVerified.ParaGonderTest.LoginAndClickParaGonder",
  "historyId" : "51f07b990eb31931c1eb0afa421bb9a0",
  "time" : {
    "start" : 1669890878671,
    "stop" : 1669890918419,
    "duration" : 39748
  },
  "description" : "Para Gönderme senaryosu",
  "descriptionHtml" : "<p>Para Gönderme senaryosu</p>\n",
  "status" : "broken",
  "statusMessage" : "Invalid object name 'PAY_BILL'.",
  "statusTrace" : "com.microsoft.sqlserver.jdbc.SQLServerException: Invalid object name 'PAY_BILL'.\r\n\tat com.microsoft.sqlserver.jdbc.SQLServerException.makeFromDatabaseError(SQLServerException.java:262)\r\n\tat com.microsoft.sqlserver.jdbc.SQLServerStatement.getNextResult(SQLServerStatement.java:1632)\r\n\tat com.microsoft.sqlserver.jdbc.SQLServerStatement.doExecuteStatement(SQLServerStatement.java:872)\r\n\tat com.microsoft.sqlserver.jdbc.SQLServerStatement$StmtExecCmd.doExecute(SQLServerStatement.java:767)\r\n\tat com.microsoft.sqlserver.jdbc.TDSCommand.execute(IOBuffer.java:7375)\r\n\tat com.microsoft.sqlserver.jdbc.SQLServerConnection.executeCommand(SQLServerConnection.java:3206)\r\n\tat com.microsoft.sqlserver.jdbc.SQLServerStatement.executeCommand(SQLServerStatement.java:247)\r\n\tat com.microsoft.sqlserver.jdbc.SQLServerStatement.executeStatement(SQLServerStatement.java:222)\r\n\tat com.microsoft.sqlserver.jdbc.SQLServerStatement.executeQuery(SQLServerStatement.java:692)\r\n\tat Libraries.DBConnection.ttpayDev(DBConnection.java:46)\r\n\tat Pages.DBQueries.addStringAttachment(DBQueries.java:66)\r\n\tat Pages.DBQueries.total_Tax_Amount_semi(DBQueries.java:129)\r\n\tat SemiVerified.ParaGonderTest.LoginAndClickParaGonder(ParaGonderTest.java:42)\r\n\tat java.base/jdk.internal.reflect.NativeMethodAccessorImpl.invoke0(Native Method)\r\n\tat java.base/jdk.internal.reflect.NativeMethodAccessorImpl.invoke(NativeMethodAccessorImpl.java:62)\r\n\tat java.base/jdk.internal.reflect.DelegatingMethodAccessorImpl.invoke(DelegatingMethodAccessorImpl.java:43)\r\n\tat java.base/java.lang.reflect.Method.invoke(Method.java:566)\r\n\tat org.testng.internal.MethodInvocationHelper.invokeMethod(MethodInvocationHelper.java:133)\r\n\tat org.testng.internal.TestInvoker.invokeMethod(TestInvoker.java:598)\r\n\tat org.testng.internal.TestInvoker.invokeTestMethod(TestInvoker.java:173)\r\n\tat org.testng.internal.MethodRunner.runInSequence(MethodRunner.java:46)\r\n\tat org.testng.internal.TestInvoker$MethodInvocationAgent.invoke(TestInvoker.java:824)\r\n\tat org.testng.internal.TestInvoker.invokeTestMethods(TestInvoker.java:146)\r\n\tat org.testng.internal.TestMethodWorker.invokeTestMethods(TestMethodWorker.java:146)\r\n\tat org.testng.internal.TestMethodWorker.run(TestMethodWorker.java:128)\r\n\tat java.base/java.util.ArrayList.forEach(ArrayList.java:1541)\r\n\tat org.testng.TestRunner.privateRun(TestRunner.java:794)\r\n\tat org.testng.TestRunner.run(TestRunner.java:596)\r\n\tat org.testng.SuiteRunner.runTest(SuiteRunner.java:377)\r\n\tat org.testng.SuiteRunner.runSequentially(SuiteRunner.java:371)\r\n\tat org.testng.SuiteRunner.privateRun(SuiteRunner.java:332)\r\n\tat org.testng.SuiteRunner.run(SuiteRunner.java:276)\r\n\tat org.testng.SuiteRunnerWorker.runSuite(SuiteRunnerWorker.java:53)\r\n\tat org.testng.SuiteRunnerWorker.run(SuiteRunnerWorker.java:96)\r\n\tat org.testng.TestNG.runSuitesSequentially(TestNG.java:1212)\r\n\tat org.testng.TestNG.runSuitesLocally(TestNG.java:1134)\r\n\tat org.testng.TestNG.runSuites(TestNG.java:1063)\r\n\tat org.testng.TestNG.run(TestNG.java:1031)\r\n\tat com.intellij.rt.testng.IDEARemoteTestNG.run(IDEARemoteTestNG.java:66)\r\n\tat com.intellij.rt.testng.RemoteTestNGStarter.main(RemoteTestNGStarter.java:109)\r\n",
  "flaky" : false,
  "newFailed" : false,
  "beforeStages" : [ {
    "name" : "setUp",
    "time" : {
      "start" : 1669890861146,
      "stop" : 1669890878301,
      "duration" : 17155
    },
    "description" : "",
    "status" : "passed",
    "steps" : [ ],
    "attachments" : [ ],
    "parameters" : [ ],
    "attachmentsCount" : 0,
    "shouldDisplayMessage" : false,
    "stepsCount" : 0,
    "hasContent" : false
  } ],
  "testStage" : {
    "description" : "Para Gönderme senaryosu",
    "status" : "broken",
    "statusMessage" : "Invalid object name 'PAY_BILL'.",
    "statusTrace" : "com.microsoft.sqlserver.jdbc.SQLServerException: Invalid object name 'PAY_BILL'.\r\n\tat com.microsoft.sqlserver.jdbc.SQLServerException.makeFromDatabaseError(SQLServerException.java:262)\r\n\tat com.microsoft.sqlserver.jdbc.SQLServerStatement.getNextResult(SQLServerStatement.java:1632)\r\n\tat com.microsoft.sqlserver.jdbc.SQLServerStatement.doExecuteStatement(SQLServerStatement.java:872)\r\n\tat com.microsoft.sqlserver.jdbc.SQLServerStatement$StmtExecCmd.doExecute(SQLServerStatement.java:767)\r\n\tat com.microsoft.sqlserver.jdbc.TDSCommand.execute(IOBuffer.java:7375)\r\n\tat com.microsoft.sqlserver.jdbc.SQLServerConnection.executeCommand(SQLServerConnection.java:3206)\r\n\tat com.microsoft.sqlserver.jdbc.SQLServerStatement.executeCommand(SQLServerStatement.java:247)\r\n\tat com.microsoft.sqlserver.jdbc.SQLServerStatement.executeStatement(SQLServerStatement.java:222)\r\n\tat com.microsoft.sqlserver.jdbc.SQLServerStatement.executeQuery(SQLServerStatement.java:692)\r\n\tat Libraries.DBConnection.ttpayDev(DBConnection.java:46)\r\n\tat Pages.DBQueries.addStringAttachment(DBQueries.java:66)\r\n\tat Pages.DBQueries.total_Tax_Amount_semi(DBQueries.java:129)\r\n\tat SemiVerified.ParaGonderTest.LoginAndClickParaGonder(ParaGonderTest.java:42)\r\n\tat java.base/jdk.internal.reflect.NativeMethodAccessorImpl.invoke0(Native Method)\r\n\tat java.base/jdk.internal.reflect.NativeMethodAccessorImpl.invoke(NativeMethodAccessorImpl.java:62)\r\n\tat java.base/jdk.internal.reflect.DelegatingMethodAccessorImpl.invoke(DelegatingMethodAccessorImpl.java:43)\r\n\tat java.base/java.lang.reflect.Method.invoke(Method.java:566)\r\n\tat org.testng.internal.MethodInvocationHelper.invokeMethod(MethodInvocationHelper.java:133)\r\n\tat org.testng.internal.TestInvoker.invokeMethod(TestInvoker.java:598)\r\n\tat org.testng.internal.TestInvoker.invokeTestMethod(TestInvoker.java:173)\r\n\tat org.testng.internal.MethodRunner.runInSequence(MethodRunner.java:46)\r\n\tat org.testng.internal.TestInvoker$MethodInvocationAgent.invoke(TestInvoker.java:824)\r\n\tat org.testng.internal.TestInvoker.invokeTestMethods(TestInvoker.java:146)\r\n\tat org.testng.internal.TestMethodWorker.invokeTestMethods(TestMethodWorker.java:146)\r\n\tat org.testng.internal.TestMethodWorker.run(TestMethodWorker.java:128)\r\n\tat java.base/java.util.ArrayList.forEach(ArrayList.java:1541)\r\n\tat org.testng.TestRunner.privateRun(TestRunner.java:794)\r\n\tat org.testng.TestRunner.run(TestRunner.java:596)\r\n\tat org.testng.SuiteRunner.runTest(SuiteRunner.java:377)\r\n\tat org.testng.SuiteRunner.runSequentially(SuiteRunner.java:371)\r\n\tat org.testng.SuiteRunner.privateRun(SuiteRunner.java:332)\r\n\tat org.testng.SuiteRunner.run(SuiteRunner.java:276)\r\n\tat org.testng.SuiteRunnerWorker.runSuite(SuiteRunnerWorker.java:53)\r\n\tat org.testng.SuiteRunnerWorker.run(SuiteRunnerWorker.java:96)\r\n\tat org.testng.TestNG.runSuitesSequentially(TestNG.java:1212)\r\n\tat org.testng.TestNG.runSuitesLocally(TestNG.java:1134)\r\n\tat org.testng.TestNG.runSuites(TestNG.java:1063)\r\n\tat org.testng.TestNG.run(TestNG.java:1031)\r\n\tat com.intellij.rt.testng.IDEARemoteTestNG.run(IDEARemoteTestNG.java:66)\r\n\tat com.intellij.rt.testng.RemoteTestNGStarter.main(RemoteTestNGStarter.java:109)\r\n",
    "steps" : [ {
      "name" : "Test koşumunun detayları için genişletin.",
      "time" : {
        "start" : 1669890878824,
        "stop" : 1669890917281,
        "duration" : 38457
      },
      "status" : "broken",
      "statusMessage" : "Invalid object name 'PAY_BILL'.",
      "statusTrace" : "com.microsoft.sqlserver.jdbc.SQLServerException: Invalid object name 'PAY_BILL'.\r\n\tat com.microsoft.sqlserver.jdbc.SQLServerException.makeFromDatabaseError(SQLServerException.java:262)\r\n\tat com.microsoft.sqlserver.jdbc.SQLServerStatement.getNextResult(SQLServerStatement.java:1632)\r\n\tat com.microsoft.sqlserver.jdbc.SQLServerStatement.doExecuteStatement(SQLServerStatement.java:872)\r\n\tat com.microsoft.sqlserver.jdbc.SQLServerStatement$StmtExecCmd.doExecute(SQLServerStatement.java:767)\r\n\tat com.microsoft.sqlserver.jdbc.TDSCommand.execute(IOBuffer.java:7375)\r\n\tat com.microsoft.sqlserver.jdbc.SQLServerConnection.executeCommand(SQLServerConnection.java:3206)\r\n\tat com.microsoft.sqlserver.jdbc.SQLServerStatement.executeCommand(SQLServerStatement.java:247)\r\n\tat com.microsoft.sqlserver.jdbc.SQLServerStatement.executeStatement(SQLServerStatement.java:222)\r\n\tat com.microsoft.sqlserver.jdbc.SQLServerStatement.executeQuery(SQLServerStatement.java:692)\r\n\tat Libraries.DBConnection.ttpayDev(DBConnection.java:46)\r\n\tat Pages.DBQueries.addStringAttachment(DBQueries.java:66)\r\n\tat Pages.DBQueries.total_Tax_Amount_semi(DBQueries.java:129)\r\n\tat SemiVerified.ParaGonderTest.LoginAndClickParaGonder(ParaGonderTest.java:42)\r\n\tat java.base/jdk.internal.reflect.NativeMethodAccessorImpl.invoke0(Native Method)\r\n\tat java.base/jdk.internal.reflect.NativeMethodAccessorImpl.invoke(NativeMethodAccessorImpl.java:62)\r\n\tat java.base/jdk.internal.reflect.DelegatingMethodAccessorImpl.invoke(DelegatingMethodAccessorImpl.java:43)\r\n\tat java.base/java.lang.reflect.Method.invoke(Method.java:566)\r\n\tat org.testng.internal.MethodInvocationHelper.invokeMethod(MethodInvocationHelper.java:133)\r\n\tat org.testng.internal.TestInvoker.invokeMethod(TestInvoker.java:598)\r\n\tat org.testng.internal.TestInvoker.invokeTestMethod(TestInvoker.java:173)\r\n\tat org.testng.internal.MethodRunner.runInSequence(MethodRunner.java:46)\r\n\tat org.testng.internal.TestInvoker$MethodInvocationAgent.invoke(TestInvoker.java:824)\r\n\tat org.testng.internal.TestInvoker.invokeTestMethods(TestInvoker.java:146)\r\n\tat org.testng.internal.TestMethodWorker.invokeTestMethods(TestMethodWorker.java:146)\r\n\tat org.testng.internal.TestMethodWorker.run(TestMethodWorker.java:128)\r\n\tat java.base/java.util.ArrayList.forEach(ArrayList.java:1541)\r\n\tat org.testng.TestRunner.privateRun(TestRunner.java:794)\r\n\tat org.testng.TestRunner.run(TestRunner.java:596)\r\n\tat org.testng.SuiteRunner.runTest(SuiteRunner.java:377)\r\n\tat org.testng.SuiteRunner.runSequentially(SuiteRunner.java:371)\r\n\tat org.testng.SuiteRunner.privateRun(SuiteRunner.java:332)\r\n\tat org.testng.SuiteRunner.run(SuiteRunner.java:276)\r\n\tat org.testng.SuiteRunnerWorker.runSuite(SuiteRunnerWorker.java:53)\r\n\tat org.testng.SuiteRunnerWorker.run(SuiteRunnerWorker.java:96)\r\n\tat org.testng.TestNG.runSuitesSequentially(TestNG.java:1212)\r\n\tat org.testng.TestNG.runSuitesLocally(TestNG.java:1134)\r\n\tat org.testng.TestNG.runSuites(TestNG.java:1063)\r\n\tat org.testng.TestNG.run(TestNG.java:1031)\r\n\tat com.intellij.rt.testng.IDEARemoteTestNG.run(IDEARemoteTestNG.java:66)\r\n\tat com.intellij.rt.testng.RemoteTestNGStarter.main(RemoteTestNGStarter.java:109)\r\n",
      "steps" : [ {
        "name" : "bakiyeKontrol_semi",
        "time" : {
          "start" : 1669890878838,
          "stop" : 1669890880855,
          "duration" : 2017
        },
        "status" : "passed",
        "steps" : [ ],
        "attachments" : [ {
          "uid" : "7376c342d369a36d",
          "name" : "SemiVerified Bakiye: ",
          "source" : "7376c342d369a36d.bin",
          "type" : "text/plain",
          "size" : 0
        } ],
        "parameters" : [ ],
        "attachmentsCount" : 1,
        "shouldDisplayMessage" : false,
        "stepsCount" : 0,
        "hasContent" : true
      }, {
        "name" : "semiVerifiedlogin",
        "time" : {
          "start" : 1669890880856,
          "stop" : 1669890908654,
          "duration" : 27798
        },
        "status" : "passed",
        "steps" : [ {
          "name" : "setUsername 5993152161",
          "time" : {
            "start" : 1669890880866,
            "stop" : 1669890882369,
            "duration" : 1503
          },
          "status" : "passed",
          "steps" : [ ],
          "attachments" : [ ],
          "parameters" : [ {
            "name" : "username",
            "value" : "5993152161"
          } ],
          "attachmentsCount" : 0,
          "shouldDisplayMessage" : false,
          "stepsCount" : 0,
          "hasContent" : true
        }, {
          "name" : "setPassword 135791",
          "time" : {
            "start" : 1669890882370,
            "stop" : 1669890884400,
            "duration" : 2030
          },
          "status" : "passed",
          "steps" : [ ],
          "attachments" : [ ],
          "parameters" : [ {
            "name" : "password",
            "value" : "135791"
          } ],
          "attachmentsCount" : 0,
          "shouldDisplayMessage" : false,
          "stepsCount" : 0,
          "hasContent" : true
        } ],
        "attachments" : [ ],
        "parameters" : [ ],
        "attachmentsCount" : 0,
        "shouldDisplayMessage" : false,
        "stepsCount" : 2,
        "hasContent" : true
      }, {
        "name" : "click_ParaGonderButonu",
        "time" : {
          "start" : 1669890908655,
          "stop" : 1669890913833,
          "duration" : 5178
        },
        "status" : "passed",
        "steps" : [ ],
        "attachments" : [ ],
        "parameters" : [ ],
        "attachmentsCount" : 0,
        "shouldDisplayMessage" : false,
        "stepsCount" : 0,
        "hasContent" : false
      }, {
        "name" : "click_KisiyeSecenegi",
        "time" : {
          "start" : 1669890913834,
          "stop" : 1669890914952,
          "duration" : 1118
        },
        "status" : "passed",
        "steps" : [ ],
        "attachments" : [ ],
        "parameters" : [ ],
        "attachmentsCount" : 0,
        "shouldDisplayMessage" : false,
        "stepsCount" : 0,
        "hasContent" : false
      }, {
        "name" : "get_ConfirmationDialogText",
        "time" : {
          "start" : 1669890914953,
          "stop" : 1669890915934,
          "duration" : 981
        },
        "status" : "passed",
        "steps" : [ ],
        "attachments" : [ {
          "uid" : "7b45161cbce1268e",
          "name" : "Para göndermek için hesabını onaylamalısın.",
          "source" : "7b45161cbce1268e.txt",
          "type" : "text/plain",
          "size" : 49
        } ],
        "parameters" : [ ],
        "attachmentsCount" : 1,
        "shouldDisplayMessage" : false,
        "stepsCount" : 0,
        "hasContent" : true
      }, {
        "name" : "CompareTexts",
        "time" : {
          "start" : 1669890915934,
          "stop" : 1669890915944,
          "duration" : 10
        },
        "status" : "passed",
        "steps" : [ ],
        "attachments" : [ ],
        "parameters" : [ {
          "name" : "actual",
          "value" : "Para göndermek için hesabını onaylamalısın."
        }, {
          "name" : "expected",
          "value" : "Para göndermek için hesabını onaylamalısın."
        } ],
        "attachmentsCount" : 0,
        "shouldDisplayMessage" : false,
        "stepsCount" : 0,
        "hasContent" : true
      }, {
        "name" : "otp_SMS_transaction_log",
        "time" : {
          "start" : 1669890915944,
          "stop" : 1669890916280,
          "duration" : 336
        },
        "status" : "passed",
        "steps" : [ ],
        "attachments" : [ {
          "uid" : "e7a3fca471c42f8e",
          "name" : "SMS Log: ",
          "source" : "e7a3fca471c42f8e.txt",
          "type" : "text/plain",
          "size" : 53
        } ],
        "parameters" : [ ],
        "attachmentsCount" : 1,
        "shouldDisplayMessage" : false,
        "stepsCount" : 0,
        "hasContent" : true
      }, {
        "name" : "bakiyeKontrol_semi",
        "time" : {
          "start" : 1669890916280,
          "stop" : 1669890916717,
          "duration" : 437
        },
        "status" : "passed",
        "steps" : [ ],
        "attachments" : [ {
          "uid" : "ec1e7af0795ffdc9",
          "name" : "SemiVerified Bakiye: ",
          "source" : "ec1e7af0795ffdc9.bin",
          "type" : "text/plain",
          "size" : 0
        } ],
        "parameters" : [ ],
        "attachmentsCount" : 1,
        "shouldDisplayMessage" : false,
        "stepsCount" : 0,
        "hasContent" : true
      }, {
        "name" : "push_Notification_log",
        "time" : {
          "start" : 1669890916717,
          "stop" : 1669890917022,
          "duration" : 305
        },
        "status" : "passed",
        "steps" : [ ],
        "attachments" : [ {
          "uid" : "18aad88abc3ce816",
          "name" : "Push Notification Log: ",
          "source" : "18aad88abc3ce816.txt",
          "type" : "text/plain",
          "size" : 28
        } ],
        "parameters" : [ ],
        "attachmentsCount" : 1,
        "shouldDisplayMessage" : false,
        "stepsCount" : 0,
        "hasContent" : true
      }, {
        "name" : "total_Tax_Amount_semi",
        "time" : {
          "start" : 1669890917022,
          "stop" : 1669890917281,
          "duration" : 259
        },
        "status" : "broken",
        "statusMessage" : "Invalid object name 'PAY_BILL'.",
        "statusTrace" : "com.microsoft.sqlserver.jdbc.SQLServerException: Invalid object name 'PAY_BILL'.\r\n\tat com.microsoft.sqlserver.jdbc.SQLServerException.makeFromDatabaseError(SQLServerException.java:262)\r\n\tat com.microsoft.sqlserver.jdbc.SQLServerStatement.getNextResult(SQLServerStatement.java:1632)\r\n\tat com.microsoft.sqlserver.jdbc.SQLServerStatement.doExecuteStatement(SQLServerStatement.java:872)\r\n\tat com.microsoft.sqlserver.jdbc.SQLServerStatement$StmtExecCmd.doExecute(SQLServerStatement.java:767)\r\n\tat com.microsoft.sqlserver.jdbc.TDSCommand.execute(IOBuffer.java:7375)\r\n\tat com.microsoft.sqlserver.jdbc.SQLServerConnection.executeCommand(SQLServerConnection.java:3206)\r\n\tat com.microsoft.sqlserver.jdbc.SQLServerStatement.executeCommand(SQLServerStatement.java:247)\r\n\tat com.microsoft.sqlserver.jdbc.SQLServerStatement.executeStatement(SQLServerStatement.java:222)\r\n\tat com.microsoft.sqlserver.jdbc.SQLServerStatement.executeQuery(SQLServerStatement.java:692)\r\n\tat Libraries.DBConnection.ttpayDev(DBConnection.java:46)\r\n\tat Pages.DBQueries.addStringAttachment(DBQueries.java:66)\r\n\tat Pages.DBQueries.total_Tax_Amount_semi(DBQueries.java:129)\r\n\tat SemiVerified.ParaGonderTest.LoginAndClickParaGonder(ParaGonderTest.java:42)\r\n\tat java.base/jdk.internal.reflect.NativeMethodAccessorImpl.invoke0(Native Method)\r\n\tat java.base/jdk.internal.reflect.NativeMethodAccessorImpl.invoke(NativeMethodAccessorImpl.java:62)\r\n\tat java.base/jdk.internal.reflect.DelegatingMethodAccessorImpl.invoke(DelegatingMethodAccessorImpl.java:43)\r\n\tat java.base/java.lang.reflect.Method.invoke(Method.java:566)\r\n\tat org.testng.internal.MethodInvocationHelper.invokeMethod(MethodInvocationHelper.java:133)\r\n\tat org.testng.internal.TestInvoker.invokeMethod(TestInvoker.java:598)\r\n\tat org.testng.internal.TestInvoker.invokeTestMethod(TestInvoker.java:173)\r\n\tat org.testng.internal.MethodRunner.runInSequence(MethodRunner.java:46)\r\n\tat org.testng.internal.TestInvoker$MethodInvocationAgent.invoke(TestInvoker.java:824)\r\n\tat org.testng.internal.TestInvoker.invokeTestMethods(TestInvoker.java:146)\r\n\tat org.testng.internal.TestMethodWorker.invokeTestMethods(TestMethodWorker.java:146)\r\n\tat org.testng.internal.TestMethodWorker.run(TestMethodWorker.java:128)\r\n\tat java.base/java.util.ArrayList.forEach(ArrayList.java:1541)\r\n\tat org.testng.TestRunner.privateRun(TestRunner.java:794)\r\n\tat org.testng.TestRunner.run(TestRunner.java:596)\r\n\tat org.testng.SuiteRunner.runTest(SuiteRunner.java:377)\r\n\tat org.testng.SuiteRunner.runSequentially(SuiteRunner.java:371)\r\n\tat org.testng.SuiteRunner.privateRun(SuiteRunner.java:332)\r\n\tat org.testng.SuiteRunner.run(SuiteRunner.java:276)\r\n\tat org.testng.SuiteRunnerWorker.runSuite(SuiteRunnerWorker.java:53)\r\n\tat org.testng.SuiteRunnerWorker.run(SuiteRunnerWorker.java:96)\r\n\tat org.testng.TestNG.runSuitesSequentially(TestNG.java:1212)\r\n\tat org.testng.TestNG.runSuitesLocally(TestNG.java:1134)\r\n\tat org.testng.TestNG.runSuites(TestNG.java:1063)\r\n\tat org.testng.TestNG.run(TestNG.java:1031)\r\n\tat com.intellij.rt.testng.IDEARemoteTestNG.run(IDEARemoteTestNG.java:66)\r\n\tat com.intellij.rt.testng.RemoteTestNGStarter.main(RemoteTestNGStarter.java:109)\r\n",
        "steps" : [ ],
        "attachments" : [ ],
        "parameters" : [ ],
        "attachmentsCount" : 0,
        "shouldDisplayMessage" : true,
        "stepsCount" : 0,
        "hasContent" : true
      } ],
      "attachments" : [ ],
      "parameters" : [ ],
      "attachmentsCount" : 5,
      "shouldDisplayMessage" : false,
      "stepsCount" : 12,
      "hasContent" : true
    } ],
    "attachments" : [ {
      "uid" : "8e99199c5b9802b6",
      "name" : "Screenshot",
      "source" : "8e99199c5b9802b6.png",
      "type" : "image/png",
      "size" : 129299
    } ],
    "parameters" : [ ],
    "attachmentsCount" : 6,
    "shouldDisplayMessage" : false,
    "stepsCount" : 13,
    "hasContent" : true
  },
  "afterStages" : [ {
    "name" : "stopAppiumAndDriver",
    "time" : {
      "start" : 1669890918606,
      "stop" : 1669890919615,
      "duration" : 1009
    },
    "description" : "",
    "status" : "passed",
    "steps" : [ ],
    "attachments" : [ ],
    "parameters" : [ ],
    "attachmentsCount" : 0,
    "shouldDisplayMessage" : false,
    "stepsCount" : 0,
    "hasContent" : false
  } ],
  "labels" : [ {
    "name" : "package",
    "value" : "SemiVerified.ParaGonderTest"
  }, {
    "name" : "testClass",
    "value" : "SemiVerified.ParaGonderTest"
  }, {
    "name" : "testMethod",
    "value" : "LoginAndClickParaGonder"
  }, {
    "name" : "parentSuite",
    "value" : "Default Suite"
  }, {
    "name" : "suite",
    "value" : "ttPay_POM"
  }, {
    "name" : "subSuite",
    "value" : "SemiVerified.ParaGonderTest"
  }, {
    "name" : "host",
    "value" : "N110688"
  }, {
    "name" : "thread",
    "value" : "21968@N110688.main(1)"
  }, {
    "name" : "framework",
    "value" : "testng"
  }, {
    "name" : "language",
    "value" : "java"
  }, {
    "name" : "severity",
    "value" : "minor"
  }, {
    "name" : "resultFormat",
    "value" : "allure2"
  } ],
  "parameters" : [ ],
  "links" : [ ],
  "hidden" : false,
  "retry" : false,
  "extra" : {
    "severity" : "minor",
    "retries" : [ {
      "uid" : "ba5001225180ca0f",
      "status" : "broken",
      "statusDetails" : "Invalid object name 'PAY_BILL'.",
      "time" : {
        "start" : 1669890548277,
        "stop" : 1669890608885,
        "duration" : 60608
      }
    } ],
    "categories" : [ {
      "name" : "Test defects",
      "matchedStatuses" : [ ],
      "flaky" : false
    } ],
    "tags" : [ ]
  },
  "source" : "423db066ffaeb9dc.json",
  "parameterValues" : [ ]
}