{
  "uid" : "646427eeea563b2e",
  "name" : "Register",
  "fullName" : "Register.RegisterTest.Register",
  "historyId" : "ca58ca6f4ce36512d9c50cea22ef4c51",
  "time" : {
    "start" : 1669794633892,
    "stop" : 1669794647151,
    "duration" : 13259
  },
  "description" : "Sisteme yeni kullanıcı kaydetme senaryosu.",
  "descriptionHtml" : "<p>Sisteme yeni kullanıcı kaydetme senaryosu.</p>\n",
  "status" : "broken",
  "statusMessage" : "For input string: \"\"",
  "statusTrace" : "java.lang.NumberFormatException: For input string: \"\"\r\n\tat java.base/java.lang.NumberFormatException.forInputString(NumberFormatException.java:65)\r\n\tat java.base/java.lang.Integer.parseInt(Integer.java:662)\r\n\tat java.base/java.lang.Integer.parseInt(Integer.java:770)\r\n\tat Pages.DBQueries.Set_OTPForNewAccount(DBQueries.java:143)\r\n\tat Pages.RegisterPage.yeniHesapOTPGir(RegisterPage.java:105)\r\n\tat Register.RegisterTest.Register(RegisterTest.java:29)\r\n\tat java.base/jdk.internal.reflect.NativeMethodAccessorImpl.invoke0(Native Method)\r\n\tat java.base/jdk.internal.reflect.NativeMethodAccessorImpl.invoke(NativeMethodAccessorImpl.java:62)\r\n\tat java.base/jdk.internal.reflect.DelegatingMethodAccessorImpl.invoke(DelegatingMethodAccessorImpl.java:43)\r\n\tat java.base/java.lang.reflect.Method.invoke(Method.java:566)\r\n\tat org.testng.internal.MethodInvocationHelper.invokeMethod(MethodInvocationHelper.java:133)\r\n\tat org.testng.internal.TestInvoker.invokeMethod(TestInvoker.java:598)\r\n\tat org.testng.internal.TestInvoker.invokeTestMethod(TestInvoker.java:173)\r\n\tat org.testng.internal.MethodRunner.runInSequence(MethodRunner.java:46)\r\n\tat org.testng.internal.TestInvoker$MethodInvocationAgent.invoke(TestInvoker.java:824)\r\n\tat org.testng.internal.TestInvoker.invokeTestMethods(TestInvoker.java:146)\r\n\tat org.testng.internal.TestMethodWorker.invokeTestMethods(TestMethodWorker.java:146)\r\n\tat org.testng.internal.TestMethodWorker.run(TestMethodWorker.java:128)\r\n\tat java.base/java.util.ArrayList.forEach(ArrayList.java:1541)\r\n\tat org.testng.TestRunner.privateRun(TestRunner.java:794)\r\n\tat org.testng.TestRunner.run(TestRunner.java:596)\r\n\tat org.testng.SuiteRunner.runTest(SuiteRunner.java:377)\r\n\tat org.testng.SuiteRunner.runSequentially(SuiteRunner.java:371)\r\n\tat org.testng.SuiteRunner.privateRun(SuiteRunner.java:332)\r\n\tat org.testng.SuiteRunner.run(SuiteRunner.java:276)\r\n\tat org.testng.SuiteRunnerWorker.runSuite(SuiteRunnerWorker.java:53)\r\n\tat org.testng.SuiteRunnerWorker.run(SuiteRunnerWorker.java:96)\r\n\tat org.testng.TestNG.runSuitesSequentially(TestNG.java:1212)\r\n\tat org.testng.TestNG.runSuitesLocally(TestNG.java:1134)\r\n\tat org.testng.TestNG.runSuites(TestNG.java:1063)\r\n\tat org.testng.TestNG.run(TestNG.java:1031)\r\n\tat com.intellij.rt.testng.IDEARemoteTestNG.run(IDEARemoteTestNG.java:66)\r\n\tat com.intellij.rt.testng.RemoteTestNGStarter.main(RemoteTestNGStarter.java:109)\r\n",
  "flaky" : false,
  "newFailed" : false,
  "beforeStages" : [ {
    "name" : "setUp",
    "time" : {
      "start" : 1669794616618,
      "stop" : 1669794633561,
      "duration" : 16943
    },
    "description" : "",
    "status" : "passed",
    "steps" : [ ],
    "attachments" : [ ],
    "parameters" : [ ],
    "hasContent" : false,
    "stepsCount" : 0,
    "attachmentsCount" : 0,
    "shouldDisplayMessage" : false
  } ],
  "testStage" : {
    "description" : "Sisteme yeni kullanıcı kaydetme senaryosu.",
    "status" : "broken",
    "statusMessage" : "For input string: \"\"",
    "statusTrace" : "java.lang.NumberFormatException: For input string: \"\"\r\n\tat java.base/java.lang.NumberFormatException.forInputString(NumberFormatException.java:65)\r\n\tat java.base/java.lang.Integer.parseInt(Integer.java:662)\r\n\tat java.base/java.lang.Integer.parseInt(Integer.java:770)\r\n\tat Pages.DBQueries.Set_OTPForNewAccount(DBQueries.java:143)\r\n\tat Pages.RegisterPage.yeniHesapOTPGir(RegisterPage.java:105)\r\n\tat Register.RegisterTest.Register(RegisterTest.java:29)\r\n\tat java.base/jdk.internal.reflect.NativeMethodAccessorImpl.invoke0(Native Method)\r\n\tat java.base/jdk.internal.reflect.NativeMethodAccessorImpl.invoke(NativeMethodAccessorImpl.java:62)\r\n\tat java.base/jdk.internal.reflect.DelegatingMethodAccessorImpl.invoke(DelegatingMethodAccessorImpl.java:43)\r\n\tat java.base/java.lang.reflect.Method.invoke(Method.java:566)\r\n\tat org.testng.internal.MethodInvocationHelper.invokeMethod(MethodInvocationHelper.java:133)\r\n\tat org.testng.internal.TestInvoker.invokeMethod(TestInvoker.java:598)\r\n\tat org.testng.internal.TestInvoker.invokeTestMethod(TestInvoker.java:173)\r\n\tat org.testng.internal.MethodRunner.runInSequence(MethodRunner.java:46)\r\n\tat org.testng.internal.TestInvoker$MethodInvocationAgent.invoke(TestInvoker.java:824)\r\n\tat org.testng.internal.TestInvoker.invokeTestMethods(TestInvoker.java:146)\r\n\tat org.testng.internal.TestMethodWorker.invokeTestMethods(TestMethodWorker.java:146)\r\n\tat org.testng.internal.TestMethodWorker.run(TestMethodWorker.java:128)\r\n\tat java.base/java.util.ArrayList.forEach(ArrayList.java:1541)\r\n\tat org.testng.TestRunner.privateRun(TestRunner.java:794)\r\n\tat org.testng.TestRunner.run(TestRunner.java:596)\r\n\tat org.testng.SuiteRunner.runTest(SuiteRunner.java:377)\r\n\tat org.testng.SuiteRunner.runSequentially(SuiteRunner.java:371)\r\n\tat org.testng.SuiteRunner.privateRun(SuiteRunner.java:332)\r\n\tat org.testng.SuiteRunner.run(SuiteRunner.java:276)\r\n\tat org.testng.SuiteRunnerWorker.runSuite(SuiteRunnerWorker.java:53)\r\n\tat org.testng.SuiteRunnerWorker.run(SuiteRunnerWorker.java:96)\r\n\tat org.testng.TestNG.runSuitesSequentially(TestNG.java:1212)\r\n\tat org.testng.TestNG.runSuitesLocally(TestNG.java:1134)\r\n\tat org.testng.TestNG.runSuites(TestNG.java:1063)\r\n\tat org.testng.TestNG.run(TestNG.java:1031)\r\n\tat com.intellij.rt.testng.IDEARemoteTestNG.run(IDEARemoteTestNG.java:66)\r\n\tat com.intellij.rt.testng.RemoteTestNGStarter.main(RemoteTestNGStarter.java:109)\r\n",
    "steps" : [ {
      "name" : "Test koşumunun detayları için genişletin.",
      "time" : {
        "start" : 1669794634015,
        "stop" : 1669794645953,
        "duration" : 11938
      },
      "status" : "broken",
      "statusMessage" : "For input string: \"\"",
      "statusTrace" : "java.lang.NumberFormatException: For input string: \"\"\r\n\tat java.base/java.lang.NumberFormatException.forInputString(NumberFormatException.java:65)\r\n\tat java.base/java.lang.Integer.parseInt(Integer.java:662)\r\n\tat java.base/java.lang.Integer.parseInt(Integer.java:770)\r\n\tat Pages.DBQueries.Set_OTPForNewAccount(DBQueries.java:143)\r\n\tat Pages.RegisterPage.yeniHesapOTPGir(RegisterPage.java:105)\r\n\tat Register.RegisterTest.Register(RegisterTest.java:29)\r\n\tat java.base/jdk.internal.reflect.NativeMethodAccessorImpl.invoke0(Native Method)\r\n\tat java.base/jdk.internal.reflect.NativeMethodAccessorImpl.invoke(NativeMethodAccessorImpl.java:62)\r\n\tat java.base/jdk.internal.reflect.DelegatingMethodAccessorImpl.invoke(DelegatingMethodAccessorImpl.java:43)\r\n\tat java.base/java.lang.reflect.Method.invoke(Method.java:566)\r\n\tat org.testng.internal.MethodInvocationHelper.invokeMethod(MethodInvocationHelper.java:133)\r\n\tat org.testng.internal.TestInvoker.invokeMethod(TestInvoker.java:598)\r\n\tat org.testng.internal.TestInvoker.invokeTestMethod(TestInvoker.java:173)\r\n\tat org.testng.internal.MethodRunner.runInSequence(MethodRunner.java:46)\r\n\tat org.testng.internal.TestInvoker$MethodInvocationAgent.invoke(TestInvoker.java:824)\r\n\tat org.testng.internal.TestInvoker.invokeTestMethods(TestInvoker.java:146)\r\n\tat org.testng.internal.TestMethodWorker.invokeTestMethods(TestMethodWorker.java:146)\r\n\tat org.testng.internal.TestMethodWorker.run(TestMethodWorker.java:128)\r\n\tat java.base/java.util.ArrayList.forEach(ArrayList.java:1541)\r\n\tat org.testng.TestRunner.privateRun(TestRunner.java:794)\r\n\tat org.testng.TestRunner.run(TestRunner.java:596)\r\n\tat org.testng.SuiteRunner.runTest(SuiteRunner.java:377)\r\n\tat org.testng.SuiteRunner.runSequentially(SuiteRunner.java:371)\r\n\tat org.testng.SuiteRunner.privateRun(SuiteRunner.java:332)\r\n\tat org.testng.SuiteRunner.run(SuiteRunner.java:276)\r\n\tat org.testng.SuiteRunnerWorker.runSuite(SuiteRunnerWorker.java:53)\r\n\tat org.testng.SuiteRunnerWorker.run(SuiteRunnerWorker.java:96)\r\n\tat org.testng.TestNG.runSuitesSequentially(TestNG.java:1212)\r\n\tat org.testng.TestNG.runSuitesLocally(TestNG.java:1134)\r\n\tat org.testng.TestNG.runSuites(TestNG.java:1063)\r\n\tat org.testng.TestNG.run(TestNG.java:1031)\r\n\tat com.intellij.rt.testng.IDEARemoteTestNG.run(IDEARemoteTestNG.java:66)\r\n\tat com.intellij.rt.testng.RemoteTestNGStarter.main(RemoteTestNGStarter.java:109)\r\n",
      "steps" : [ {
        "name" : "click_HesabimYok",
        "time" : {
          "start" : 1669794634019,
          "stop" : 1669794636028,
          "duration" : 2009
        },
        "status" : "passed",
        "steps" : [ ],
        "attachments" : [ ],
        "parameters" : [ ],
        "hasContent" : false,
        "stepsCount" : 0,
        "attachmentsCount" : 0,
        "shouldDisplayMessage" : false
      }, {
        "name" : "click_HesapOlusturmayaTikla",
        "time" : {
          "start" : 1669794636029,
          "stop" : 1669794636776,
          "duration" : 747
        },
        "status" : "passed",
        "steps" : [ ],
        "attachments" : [ ],
        "parameters" : [ ],
        "hasContent" : false,
        "stepsCount" : 0,
        "attachmentsCount" : 0,
        "shouldDisplayMessage" : false
      }, {
        "name" : "sendKeys_Msisdn 5354096315",
        "time" : {
          "start" : 1669794636779,
          "stop" : 1669794639758,
          "duration" : 2979
        },
        "status" : "passed",
        "steps" : [ ],
        "attachments" : [ ],
        "parameters" : [ {
          "name" : "text",
          "value" : "5354096315"
        } ],
        "hasContent" : true,
        "stepsCount" : 0,
        "attachmentsCount" : 0,
        "shouldDisplayMessage" : false
      }, {
        "name" : "click_devamEtButton",
        "time" : {
          "start" : 1669794639758,
          "stop" : 1669794640469,
          "duration" : 711
        },
        "status" : "passed",
        "steps" : [ ],
        "attachments" : [ ],
        "parameters" : [ ],
        "hasContent" : false,
        "stepsCount" : 0,
        "attachmentsCount" : 0,
        "shouldDisplayMessage" : false
      }, {
        "name" : "click_OTFField",
        "time" : {
          "start" : 1669794640469,
          "stop" : 1669794643538,
          "duration" : 3069
        },
        "status" : "passed",
        "steps" : [ ],
        "attachments" : [ ],
        "parameters" : [ ],
        "hasContent" : false,
        "stepsCount" : 0,
        "attachmentsCount" : 0,
        "shouldDisplayMessage" : false
      }, {
        "name" : "Set_OTPForNewAccount",
        "time" : {
          "start" : 1669794644972,
          "stop" : 1669794645952,
          "duration" : 980
        },
        "status" : "broken",
        "statusMessage" : "For input string: \"\"",
        "statusTrace" : "java.lang.NumberFormatException: For input string: \"\"\r\n\tat java.base/java.lang.NumberFormatException.forInputString(NumberFormatException.java:65)\r\n\tat java.base/java.lang.Integer.parseInt(Integer.java:662)\r\n\tat java.base/java.lang.Integer.parseInt(Integer.java:770)\r\n\tat Pages.DBQueries.Set_OTPForNewAccount(DBQueries.java:143)\r\n\tat Pages.RegisterPage.yeniHesapOTPGir(RegisterPage.java:105)\r\n\tat Register.RegisterTest.Register(RegisterTest.java:29)\r\n\tat java.base/jdk.internal.reflect.NativeMethodAccessorImpl.invoke0(Native Method)\r\n\tat java.base/jdk.internal.reflect.NativeMethodAccessorImpl.invoke(NativeMethodAccessorImpl.java:62)\r\n\tat java.base/jdk.internal.reflect.DelegatingMethodAccessorImpl.invoke(DelegatingMethodAccessorImpl.java:43)\r\n\tat java.base/java.lang.reflect.Method.invoke(Method.java:566)\r\n\tat org.testng.internal.MethodInvocationHelper.invokeMethod(MethodInvocationHelper.java:133)\r\n\tat org.testng.internal.TestInvoker.invokeMethod(TestInvoker.java:598)\r\n\tat org.testng.internal.TestInvoker.invokeTestMethod(TestInvoker.java:173)\r\n\tat org.testng.internal.MethodRunner.runInSequence(MethodRunner.java:46)\r\n\tat org.testng.internal.TestInvoker$MethodInvocationAgent.invoke(TestInvoker.java:824)\r\n\tat org.testng.internal.TestInvoker.invokeTestMethods(TestInvoker.java:146)\r\n\tat org.testng.internal.TestMethodWorker.invokeTestMethods(TestMethodWorker.java:146)\r\n\tat org.testng.internal.TestMethodWorker.run(TestMethodWorker.java:128)\r\n\tat java.base/java.util.ArrayList.forEach(ArrayList.java:1541)\r\n\tat org.testng.TestRunner.privateRun(TestRunner.java:794)\r\n\tat org.testng.TestRunner.run(TestRunner.java:596)\r\n\tat org.testng.SuiteRunner.runTest(SuiteRunner.java:377)\r\n\tat org.testng.SuiteRunner.runSequentially(SuiteRunner.java:371)\r\n\tat org.testng.SuiteRunner.privateRun(SuiteRunner.java:332)\r\n\tat org.testng.SuiteRunner.run(SuiteRunner.java:276)\r\n\tat org.testng.SuiteRunnerWorker.runSuite(SuiteRunnerWorker.java:53)\r\n\tat org.testng.SuiteRunnerWorker.run(SuiteRunnerWorker.java:96)\r\n\tat org.testng.TestNG.runSuitesSequentially(TestNG.java:1212)\r\n\tat org.testng.TestNG.runSuitesLocally(TestNG.java:1134)\r\n\tat org.testng.TestNG.runSuites(TestNG.java:1063)\r\n\tat org.testng.TestNG.run(TestNG.java:1031)\r\n\tat com.intellij.rt.testng.IDEARemoteTestNG.run(IDEARemoteTestNG.java:66)\r\n\tat com.intellij.rt.testng.RemoteTestNGStarter.main(RemoteTestNGStarter.java:109)\r\n",
        "steps" : [ ],
        "attachments" : [ ],
        "parameters" : [ ],
        "hasContent" : true,
        "stepsCount" : 0,
        "attachmentsCount" : 0,
        "shouldDisplayMessage" : true
      } ],
      "attachments" : [ ],
      "parameters" : [ ],
      "hasContent" : true,
      "stepsCount" : 6,
      "attachmentsCount" : 0,
      "shouldDisplayMessage" : false
    } ],
    "attachments" : [ {
      "uid" : "e8092abd7071dbf4",
      "name" : "Screenshot",
      "source" : "e8092abd7071dbf4.png",
      "type" : "image/png",
      "size" : 141708
    } ],
    "parameters" : [ ],
    "hasContent" : true,
    "stepsCount" : 7,
    "attachmentsCount" : 1,
    "shouldDisplayMessage" : false
  },
  "afterStages" : [ {
    "name" : "stopAppiumAndDriver",
    "time" : {
      "start" : 1669794647369,
      "stop" : 1669794648364,
      "duration" : 995
    },
    "description" : "",
    "status" : "passed",
    "steps" : [ ],
    "attachments" : [ ],
    "parameters" : [ ],
    "hasContent" : false,
    "stepsCount" : 0,
    "attachmentsCount" : 0,
    "shouldDisplayMessage" : false
  } ],
  "labels" : [ {
    "name" : "package",
    "value" : "Register.RegisterTest"
  }, {
    "name" : "testClass",
    "value" : "Register.RegisterTest"
  }, {
    "name" : "testMethod",
    "value" : "Register"
  }, {
    "name" : "parentSuite",
    "value" : "Default Suite"
  }, {
    "name" : "suite",
    "value" : "ttPay_POM"
  }, {
    "name" : "subSuite",
    "value" : "Register.RegisterTest"
  }, {
    "name" : "host",
    "value" : "N110688"
  }, {
    "name" : "thread",
    "value" : "21824@N110688.main(1)"
  }, {
    "name" : "framework",
    "value" : "testng"
  }, {
    "name" : "language",
    "value" : "java"
  }, {
    "name" : "severity",
    "value" : "minor"
  }, {
    "name" : "resultFormat",
    "value" : "allure2"
  } ],
  "parameters" : [ ],
  "links" : [ ],
  "hidden" : true,
  "retry" : true,
  "extra" : {
    "categories" : [ ],
    "tags" : [ ]
  },
  "source" : "646427eeea563b2e.json",
  "parameterValues" : [ ]
}